2015.02.26 16:47 B D:\shingon-bd.com\webtech-bd.com\webtech\administrator\components\com_admin\sql\updates\mysql\1.7.0-2011-06-06-2.sql --> www.shingon-bd.com /public_html/webtech-bd.com/webtech/administrator/components/com_admin/sql/updates/mysql 1.7.0-2011-06-06-2.sql
2015.02.26 16:47 B D:\shingon-bd.com\webtech-bd.com\webtech\administrator\components\com_admin\sql\updates\mysql\1.7.0-2011-06-06.sql --> www.shingon-bd.com /public_html/webtech-bd.com/webtech/administrator/components/com_admin/sql/updates/mysql 1.7.0-2011-06-06.sql
2015.02.26 16:47 B D:\shingon-bd.com\webtech-bd.com\webtech\administrator\components\com_admin\sql\updates\mysql\1.7.0.sql --> www.shingon-bd.com /public_html/webtech-bd.com/webtech/administrator/components/com_admin/sql/updates/mysql 1.7.0.sql
2015.02.26 16:47 B D:\shingon-bd.com\webtech-bd.com\webtech\administrator\components\com_admin\sql\updates\mysql\1.7.1-2011-09-15-2.sql --> www.shingon-bd.com /public_html/webtech-bd.com/webtech/administrator/components/com_admin/sql/updates/mysql 1.7.1-2011-09-15-2.sql
2015.02.26 16:47 B D:\shingon-bd.com\webtech-bd.com\webtech\administrator\components\com_admin\sql\updates\mysql\1.7.1-2011-09-15-3.sql --> www.shingon-bd.com /public_html/webtech-bd.com/webtech/administrator/components/com_admin/sql/updates/mysql 1.7.1-2011-09-15-3.sql
2015.02.26 16:47 B D:\shingon-bd.com\webtech-bd.com\webtech\administrator\components\com_admin\sql\updates\mysql\1.7.1-2011-09-15-4.sql --> www.shingon-bd.com /public_html/webtech-bd.com/webtech/administrator/components/com_admin/sql/updates/mysql 1.7.1-2011-09-15-4.sql
2015.02.26 16:47 B D:\shingon-bd.com\webtech-bd.com\webtech\administrator\components\com_admin\sql\updates\mysql\1.7.1-2011-09-15.sql --> www.shingon-bd.com /public_html/webtech-bd.com/webtech/administrator/components/com_admin/sql/updates/mysql 1.7.1-2011-09-15.sql
2015.02.26 16:47 B D:\shingon-bd.com\webtech-bd.com\webtech\administrator\components\com_admin\sql\updates\mysql\1.7.1-2011-09-17.sql --> www.shingon-bd.com /public_html/webtech-bd.com/webtech/administrator/components/com_admin/sql/updates/mysql 1.7.1-2011-09-17.sql
2015.02.26 16:47 B D:\shingon-bd.com\webtech-bd.com\webtech\administrator\components\com_admin\sql\updates\mysql\1.7.1-2011-09-20.sql --> www.shingon-bd.com /public_html/webtech-bd.com/webtech/administrator/components/com_admin/sql/updates/mysql 1.7.1-2011-09-20.sql
2015.02.26 16:47 B D:\shingon-bd.com\webtech-bd.com\webtech\administrator\components\com_admin\sql\updates\mysql\1.7.3-2011-10-15.sql --> www.shingon-bd.com /public_html/webtech-bd.com/webtech/administrator/components/com_admin/sql/updates/mysql 1.7.3-2011-10-15.sql
2015.02.26 16:47 B D:\shingon-bd.com\webtech-bd.com\webtech\administrator\components\com_admin\sql\updates\mysql\1.7.3-2011-10-19.sql --> www.shingon-bd.com /public_html/webtech-bd.com/webtech/administrator/components/com_admin/sql/updates/mysql 1.7.3-2011-10-19.sql
2015.02.26 16:47 B D:\shingon-bd.com\webtech-bd.com\webtech\administrator\components\com_admin\sql\updates\mysql\1.7.3-2011-11-10.sql --> www.shingon-bd.com /public_html/webtech-bd.com/webtech/administrator/components/com_admin/sql/updates/mysql 1.7.3-2011-11-10.sql
2015.02.26 16:47 B D:\shingon-bd.com\webtech-bd.com\webtech\administrator\components\com_admin\sql\updates\mysql\1.7.4-2011-11-19.sql --> www.shingon-bd.com /public_html/webtech-bd.com/webtech/administrator/components/com_admin/sql/updates/mysql 1.7.4-2011-11-19.sql
2015.02.26 16:47 B D:\shingon-bd.com\webtech-bd.com\webtech\administrator\components\com_admin\sql\updates\mysql\1.7.4-2011-11-23.sql --> www.shingon-bd.com /public_html/webtech-bd.com/webtech/administrator/components/com_admin/sql/updates/mysql 1.7.4-2011-11-23.sql
2015.02.26 16:47 B D:\shingon-bd.com\webtech-bd.com\webtech\administrator\components\com_admin\sql\updates\mysql\1.7.4-2011-12-12.sql --> www.shingon-bd.com /public_html/webtech-bd.com/webtech/administrator/components/com_admin/sql/updates/mysql 1.7.4-2011-12-12.sql
2015.02.26 16:47 B D:\shingon-bd.com\webtech-bd.com\webtech\administrator\components\com_admin\sql\updates\mysql\2.5.0-2011-12-06.sql --> www.shingon-bd.com /public_html/webtech-bd.com/webtech/administrator/components/com_admin/sql/updates/mysql 2.5.0-2011-12-06.sql
2015.02.26 16:47 B D:\shingon-bd.com\webtech-bd.com\webtech\administrator\components\com_admin\sql\updates\mysql\2.5.0-2011-12-16.sql --> www.shingon-bd.com /public_html/webtech-bd.com/webtech/administrator/components/com_admin/sql/updates/mysql 2.5.0-2011-12-16.sql
2015.02.26 16:47 B D:\shingon-bd.com\webtech-bd.com\webtech\administrator\components\com_admin\sql\updates\mysql\2.5.0-2011-12-19.sql --> www.shingon-bd.com /public_html/webtech-bd.com/webtech/administrator/components/com_admin/sql/updates/mysql 2.5.0-2011-12-19.sql
2015.02.26 16:47 B D:\shingon-bd.com\webtech-bd.com\webtech\administrator\components\com_admin\sql\updates\mysql\2.5.0-2011-12-20.sql --> www.shingon-bd.com /public_html/webtech-bd.com/webtech/administrator/components/com_admin/sql/updates/mysql 2.5.0-2011-12-20.sql
2015.02.26 16:47 B D:\shingon-bd.com\webtech-bd.com\webtech\administrator\components\com_admin\sql\updates\mysql\2.5.0-2011-12-21-1.sql --> www.shingon-bd.com /public_html/webtech-bd.com/webtech/administrator/components/com_admin/sql/updates/mysql 2.5.0-2011-12-21-1.sql
2015.02.26 16:47 B D:\shingon-bd.com\webtech-bd.com\webtech\administrator\components\com_admin\sql\updates\mysql\2.5.0-2011-12-21-2.sql --> www.shingon-bd.com /public_html/webtech-bd.com/webtech/administrator/components/com_admin/sql/updates/mysql 2.5.0-2011-12-21-2.sql
2015.02.26 16:47 B D:\shingon-bd.com\webtech-bd.com\webtech\administrator\components\com_admin\sql\updates\mysql\2.5.0-2011-12-22.sql --> www.shingon-bd.com /public_html/webtech-bd.com/webtech/administrator/components/com_admin/sql/updates/mysql 2.5.0-2011-12-22.sql
2015.02.26 16:47 B D:\shingon-bd.com\webtech-bd.com\webtech\administrator\components\com_admin\sql\updates\mysql\2.5.0-2011-12-23.sql --> www.shingon-bd.com /public_html/webtech-bd.com/webtech/administrator/components/com_admin/sql/updates/mysql 2.5.0-2011-12-23.sql
2015.02.26 16:47 B D:\shingon-bd.com\webtech-bd.com\webtech\administrator\components\com_admin\sql\updates\mysql\2.5.0-2011-12-24.sql --> www.shingon-bd.com /public_html/webtech-bd.com/webtech/administrator/components/com_admin/sql/updates/mysql 2.5.0-2011-12-24.sql
2015.02.26 16:47 B D:\shingon-bd.com\webtech-bd.com\webtech\administrator\components\com_admin\sql\updates\mysql\2.5.0-2012-01-10.sql --> www.shingon-bd.com /public_html/webtech-bd.com/webtech/administrator/components/com_admin/sql/updates/mysql 2.5.0-2012-01-10.sql
2015.02.26 16:47 B D:\shingon-bd.com\webtech-bd.com\webtech\administrator\components\com_admin\sql\updates\mysql\2.5.0-2012-01-14.sql --> www.shingon-bd.com /public_html/webtech-bd.com/webtech/administrator/components/com_admin/sql/updates/mysql 2.5.0-2012-01-14.sql
2015.02.26 16:47 B D:\shingon-bd.com\webtech-bd.com\webtech\administrator\components\com_admin\sql\updates\mysql\2.5.1-2012-01-26.sql --> www.shingon-bd.com /public_html/webtech-bd.com/webtech/administrator/components/com_admin/sql/updates/mysql 2.5.1-2012-01-26.sql
2015.02.26 16:47 B D:\shingon-bd.com\webtech-bd.com\webtech\administrator\components\com_admin\sql\updates\mysql\2.5.2-2012-03-05.sql --> www.shingon-bd.com /public_html/webtech-bd.com/webtech/administrator/components/com_admin/sql/updates/mysql 2.5.2-2012-03-05.sql
2015.02.26 16:47 B D:\shingon-bd.com\webtech-bd.com\webtech\administrator\components\com_admin\sql\updates\mysql\2.5.3-2012-03-13.sql --> www.shingon-bd.com /public_html/webtech-bd.com/webtech/administrator/components/com_admin/sql/updates/mysql 2.5.3-2012-03-13.sql
2015.02.26 16:47 B D:\shingon-bd.com\webtech-bd.com\webtech\administrator\components\com_admin\sql\updates\mysql\2.5.4-2012-03-18.sql --> www.shingon-bd.com /public_html/webtech-bd.com/webtech/administrator/components/com_admin/sql/updates/mysql 2.5.4-2012-03-18.sql
2015.02.26 16:47 B D:\shingon-bd.com\webtech-bd.com\webtech\administrator\components\com_admin\sql\updates\mysql\2.5.4-2012-03-19.sql --> www.shingon-bd.com /public_html/webtech-bd.com/webtech/administrator/components/com_admin/sql/updates/mysql 2.5.4-2012-03-19.sql
2015.02.26 16:47 B D:\shingon-bd.com\webtech-bd.com\webtech\administrator\components\com_admin\sql\updates\mysql\2.5.5.sql --> www.shingon-bd.com /public_html/webtech-bd.com/webtech/administrator/components/com_admin/sql/updates/mysql 2.5.5.sql
2015.02.26 16:47 B D:\shingon-bd.com\webtech-bd.com\webtech\administrator\components\com_admin\sql\updates\mysql\2.5.6.sql --> www.shingon-bd.com /public_html/webtech-bd.com/webtech/administrator/components/com_admin/sql/updates/mysql 2.5.6.sql
2015.02.26 16:47 B D:\shingon-bd.com\webtech-bd.com\webtech\administrator\components\com_admin\sql\updates\mysql\2.5.7.sql --> www.shingon-bd.com /public_html/webtech-bd.com/webtech/administrator/components/com_admin/sql/updates/mysql 2.5.7.sql
2015.02.26 16:47 B D:\shingon-bd.com\webtech-bd.com\webtech\administrator\components\com_admin\sql\updates\mysql\2.5.8.sql --> www.shingon-bd.com /public_html/webtech-bd.com/webtech/administrator/components/com_admin/sql/updates/mysql 2.5.8.sql
2015.02.26 16:47 B D:\shingon-bd.com\webtech-bd.com\webtech\administrator\components\com_admin\sql\updates\mysql\2.5.9.sql --> www.shingon-bd.com /public_html/webtech-bd.com/webtech/administrator/components/com_admin/sql/updates/mysql 2.5.9.sql
2015.02.26 16:47 B D:\shingon-bd.com\webtech-bd.com\webtech\administrator\components\com_admin\sql\updates\mysql\index.html --> www.shingon-bd.com /public_html/webtech-bd.com/webtech/administrator/components/com_admin/sql/updates/mysql index.html
2017.02.08 17:19 B D:\shingon-bd.com\webtech-bd.com\webtech\administrator\components\com_admin\sql\updates\mysql\WS_FTP.LOG --> 203.191.33.8 /public_html/webtech-bd.com/webtech/administrator/components/com_admin/sql/updates/mysql WS_FTP.LOG
