2015.02.26 16:48 B D:\shingon-bd.com\webtech-bd.com\webtech\administrator\components\com_config\views\application\tmpl\default.php --> www.shingon-bd.com /public_html/webtech-bd.com/webtech/administrator/components/com_config/views/application/tmpl default.php
2015.02.26 16:48 B D:\shingon-bd.com\webtech-bd.com\webtech\administrator\components\com_config\views\application\tmpl\default_cache.php --> www.shingon-bd.com /public_html/webtech-bd.com/webtech/administrator/components/com_config/views/application/tmpl default_cache.php
2015.02.26 16:48 B D:\shingon-bd.com\webtech-bd.com\webtech\administrator\components\com_config\views\application\tmpl\default_cookie.php --> www.shingon-bd.com /public_html/webtech-bd.com/webtech/administrator/components/com_config/views/application/tmpl default_cookie.php
2015.02.26 16:48 B D:\shingon-bd.com\webtech-bd.com\webtech\administrator\components\com_config\views\application\tmpl\default_database.php --> www.shingon-bd.com /public_html/webtech-bd.com/webtech/administrator/components/com_config/views/application/tmpl default_database.php
2015.02.26 16:48 B D:\shingon-bd.com\webtech-bd.com\webtech\administrator\components\com_config\views\application\tmpl\default_debug.php --> www.shingon-bd.com /public_html/webtech-bd.com/webtech/administrator/components/com_config/views/application/tmpl default_debug.php
2015.02.26 16:48 B D:\shingon-bd.com\webtech-bd.com\webtech\administrator\components\com_config\views\application\tmpl\default_filters.php --> www.shingon-bd.com /public_html/webtech-bd.com/webtech/administrator/components/com_config/views/application/tmpl default_filters.php
2015.02.26 16:48 B D:\shingon-bd.com\webtech-bd.com\webtech\administrator\components\com_config\views\application\tmpl\default_ftp.php --> www.shingon-bd.com /public_html/webtech-bd.com/webtech/administrator/components/com_config/views/application/tmpl default_ftp.php
2015.02.26 16:48 B D:\shingon-bd.com\webtech-bd.com\webtech\administrator\components\com_config\views\application\tmpl\default_ftplogin.php --> www.shingon-bd.com /public_html/webtech-bd.com/webtech/administrator/components/com_config/views/application/tmpl default_ftplogin.php
2015.02.26 16:48 B D:\shingon-bd.com\webtech-bd.com\webtech\administrator\components\com_config\views\application\tmpl\default_locale.php --> www.shingon-bd.com /public_html/webtech-bd.com/webtech/administrator/components/com_config/views/application/tmpl default_locale.php
2015.02.26 16:48 B D:\shingon-bd.com\webtech-bd.com\webtech\administrator\components\com_config\views\application\tmpl\default_mail.php --> www.shingon-bd.com /public_html/webtech-bd.com/webtech/administrator/components/com_config/views/application/tmpl default_mail.php
2015.02.26 16:48 B D:\shingon-bd.com\webtech-bd.com\webtech\administrator\components\com_config\views\application\tmpl\default_metadata.php --> www.shingon-bd.com /public_html/webtech-bd.com/webtech/administrator/components/com_config/views/application/tmpl default_metadata.php
2015.02.26 16:48 B D:\shingon-bd.com\webtech-bd.com\webtech\administrator\components\com_config\views\application\tmpl\default_navigation.php --> www.shingon-bd.com /public_html/webtech-bd.com/webtech/administrator/components/com_config/views/application/tmpl default_navigation.php
2015.02.26 16:48 B D:\shingon-bd.com\webtech-bd.com\webtech\administrator\components\com_config\views\application\tmpl\default_permissions.php --> www.shingon-bd.com /public_html/webtech-bd.com/webtech/administrator/components/com_config/views/application/tmpl default_permissions.php
2015.02.26 16:48 B D:\shingon-bd.com\webtech-bd.com\webtech\administrator\components\com_config\views\application\tmpl\default_seo.php --> www.shingon-bd.com /public_html/webtech-bd.com/webtech/administrator/components/com_config/views/application/tmpl default_seo.php
2015.02.26 16:48 B D:\shingon-bd.com\webtech-bd.com\webtech\administrator\components\com_config\views\application\tmpl\default_server.php --> www.shingon-bd.com /public_html/webtech-bd.com/webtech/administrator/components/com_config/views/application/tmpl default_server.php
2015.02.26 16:48 B D:\shingon-bd.com\webtech-bd.com\webtech\administrator\components\com_config\views\application\tmpl\default_session.php --> www.shingon-bd.com /public_html/webtech-bd.com/webtech/administrator/components/com_config/views/application/tmpl default_session.php
2015.02.26 16:48 B D:\shingon-bd.com\webtech-bd.com\webtech\administrator\components\com_config\views\application\tmpl\default_site.php --> www.shingon-bd.com /public_html/webtech-bd.com/webtech/administrator/components/com_config/views/application/tmpl default_site.php
2015.02.26 16:48 B D:\shingon-bd.com\webtech-bd.com\webtech\administrator\components\com_config\views\application\tmpl\default_system.php --> www.shingon-bd.com /public_html/webtech-bd.com/webtech/administrator/components/com_config/views/application/tmpl default_system.php
2015.02.26 16:48 B D:\shingon-bd.com\webtech-bd.com\webtech\administrator\components\com_config\views\application\tmpl\index.html --> www.shingon-bd.com /public_html/webtech-bd.com/webtech/administrator/components/com_config/views/application/tmpl index.html
2017.02.08 17:21 B D:\shingon-bd.com\webtech-bd.com\webtech\administrator\components\com_config\views\application\tmpl\WS_FTP.LOG --> 203.191.33.8 /public_html/webtech-bd.com/webtech/administrator/components/com_config/views/application/tmpl WS_FTP.LOG
