2007.07.13 17:37 B D:\shingon-bd.com\index.htm --> www.shingon-bd.com / index.htm
2007.07.16 11:21 B D:\shingon-bd.com\index.htm --> www.shingon-bd.com / index.htm
2007.07.16 11:23 B D:\shingon-bd.com\introduction_garment_production_from_banglade.htm --> www.shingon-bd.com / introduction_garment_production_from_banglade.htm
2007.07.16 14:29 B D:\shingon-bd.com\image001.gif <-- Ipswitch /shingon-bd.com_page_files image001.gif
2007.07.16 15:00 B D:\shingon-bd.com\index.htm --> www.shingon-bd.com / index.htm
2007.07.16 15:09 B D:\shingon-bd.com\home.gif --> www.shingon-bd.com / home.gif
2007.07.16 15:09 B D:\shingon-bd.com\home_1.jpg --> www.shingon-bd.com / home_1.jpg
2007.07.16 15:42 B D:\shingon-bd.com\index.htm --> www.shingon-bd.com / index.htm
2007.07.16 18:51 B D:\shingon-bd.com\index.htm --> www.shingon-bd.com / index.htm
2007.07.16 18:57 B D:\shingon-bd.com\company_profiles.htm --> www.shingon-bd.com / company_profiles.htm
2007.07.16 18:57 B D:\shingon-bd.com\contuctus_dhaka_office__shing_on_internati.htm --> www.shingon-bd.com / contuctus_dhaka_office__shing_on_internati.htm
2007.07.16 18:58 B D:\shingon-bd.com\introduction_garment_production_from_banglade.htm --> www.shingon-bd.com / introduction_garment_production_from_banglade.htm
2007.07.16 19:25 B D:\shingon-bd.com\index.htm --> www.shingon-bd.com / index.htm
2007.07.16 19:25 B D:\shingon-bd.com\introduction_garment_production_from_banglade.htm --> www.shingon-bd.com / introduction_garment_production_from_banglade.htm
2007.07.17 11:58 B D:\shingon-bd.com\index.htm --> www.shingon-bd.com / index.htm
2007.07.17 12:13 B D:\shingon-bd.com\image001.gif --> www.shingon-bd.com / image001.gif
2007.07.17 12:14 B D:\shingon-bd.com\introduction_garment_production_from_banglade.htm --> www.shingon-bd.com / introduction_garment_production_from_banglade.htm
2007.07.17 12:15 B D:\shingon-bd.com\index.htm --> www.shingon-bd.com / index.htm
2007.07.20 10:45 B D:\shingon-bd.com\index.htm --> www.shingon-bd.com / index.htm
2007.07.20 15:05 B D:\shingon-bd.com\contuctus_dhaka_office__shing_on_internati.htm --> www.shingon-bd.com / contuctus_dhaka_office__shing_on_internati.htm
2007.07.20 15:05 B D:\shingon-bd.com\introduction_garment_production_from_banglade.htm --> www.shingon-bd.com / introduction_garment_production_from_banglade.htm
2007.07.21 11:47 B D:\shingon-bd.com\contuctus_dhaka_office__shing_on_internati.htm --> www.shingon-bd.com / contuctus_dhaka_office__shing_on_internati.htm
2007.07.25 14:14 B D:\shingon-bd.com\1anidot_5a.gif --> www.shingon-bd.com / 1anidot_5a.gif
2007.07.25 14:14 B D:\shingon-bd.com\2007_work_calendar-bd.xls --> www.shingon-bd.com / 2007_work_calendar-bd.xls
2007.07.25 14:14 B D:\shingon-bd.com\2anidot_5a.gif --> www.shingon-bd.com / 2anidot_5a.gif
2007.07.25 14:14 B D:\shingon-bd.com\aniboi.gif --> www.shingon-bd.com / aniboi.gif
2007.07.25 14:14 B D:\shingon-bd.com\buyers_Transition1.GIF --> www.shingon-bd.com / buyers_Transition1.GIF
2007.07.25 14:14 B D:\shingon-bd.com\citbul1a.gif --> www.shingon-bd.com / citbul1a.gif
2007.07.25 14:14 B D:\shingon-bd.com\citbul2a.gif --> www.shingon-bd.com / citbul2a.gif
2007.07.25 14:14 B D:\shingon-bd.com\citbul3a.gif --> www.shingon-bd.com / citbul3a.gif
2007.07.25 14:14 B D:\shingon-bd.com\citsepa.gif --> www.shingon-bd.com / citsepa.gif
2007.07.25 14:14 B D:\shingon-bd.com\cittext.gif --> www.shingon-bd.com / cittext.gif
2007.07.25 14:14 B D:\shingon-bd.com\click_here_2.gif --> www.shingon-bd.com / click_here_2.gif
2007.07.25 14:14 B D:\shingon-bd.com\clk_here.gif --> www.shingon-bd.com / clk_here.gif
2007.07.25 14:14 B D:\shingon-bd.com\clr_bar.gif --> www.shingon-bd.com / clr_bar.gif
2007.07.25 14:14 B D:\shingon-bd.com\company_profiles.htm --> www.shingon-bd.com / company_profiles.htm
2007.07.25 14:14 B D:\shingon-bd.com\contuctus_dhaka_office__shing_on_internati.htm --> www.shingon-bd.com / contuctus_dhaka_office__shing_on_internati.htm
2007.07.25 14:14 B D:\shingon-bd.com\d-sm.gif --> www.shingon-bd.com / d-sm.gif
2007.07.25 14:14 B D:\shingon-bd.com\down_arrow.gif --> www.shingon-bd.com / down_arrow.gif
2007.07.25 14:14 B D:\shingon-bd.com\email_2.gif --> www.shingon-bd.com / email_2.gif
2007.07.25 14:14 B D:\shingon-bd.com\expbul1a.gif --> www.shingon-bd.com / expbul1a.gif
2007.07.25 14:14 B D:\shingon-bd.com\expbul2a.gif --> www.shingon-bd.com / expbul2a.gif
2007.07.25 14:14 B D:\shingon-bd.com\expbul3a.gif --> www.shingon-bd.com / expbul3a.gif
2007.07.25 14:14 B D:\shingon-bd.com\exphorsa.gif --> www.shingon-bd.com / exphorsa.gif
2007.07.25 14:14 B D:\shingon-bd.com\go_2.gif --> www.shingon-bd.com / go_2.gif
2007.07.25 14:14 B D:\shingon-bd.com\home.gif --> www.shingon-bd.com / home.gif
2007.07.25 14:14 B D:\shingon-bd.com\home_1.jpg --> www.shingon-bd.com / home_1.jpg
2007.07.25 14:14 B D:\shingon-bd.com\image001.gif --> www.shingon-bd.com / image001.gif
2007.07.25 14:14 B D:\shingon-bd.com\index.htm --> www.shingon-bd.com / index.htm
2007.07.25 14:14 B D:\shingon-bd.com\introduction_garment_production_from_banglade.htm --> www.shingon-bd.com / introduction_garment_production_from_banglade.htm
2007.07.25 14:14 B D:\shingon-bd.com\main1.JPG --> www.shingon-bd.com / main1.JPG
2007.07.25 14:14 B D:\shingon-bd.com\new_5.gif --> www.shingon-bd.com / new_5.gif
2007.07.25 14:15 B D:\shingon-bd.com\next.gif --> www.shingon-bd.com / next.gif
2007.07.25 14:15 B D:\shingon-bd.com\next[1].jpg --> www.shingon-bd.com / next[1].jpg
2007.07.25 14:15 B D:\shingon-bd.com\next_2.gif --> www.shingon-bd.com / next_2.gif
2007.07.25 14:15 B D:\shingon-bd.com\online.gif --> www.shingon-bd.com / online.gif
2007.07.25 14:15 B D:\shingon-bd.com\opening_new.gif --> www.shingon-bd.com / opening_new.gif
2007.07.25 14:15 B D:\shingon-bd.com\prev[1].jpg --> www.shingon-bd.com / prev[1].jpg
2007.07.25 14:15 B D:\shingon-bd.com\rnbw_g2a.gif --> www.shingon-bd.com / rnbw_g2a.gif
2007.07.25 14:15 B D:\shingon-bd.com\rnbw_h2a.gif --> www.shingon-bd.com / rnbw_h2a.gif
2007.07.25 14:15 B D:\shingon-bd.com\rnbw_i2a.gif --> www.shingon-bd.com / rnbw_i2a.gif
2007.07.25 14:15 B D:\shingon-bd.com\rnbw_n2a.gif --> www.shingon-bd.com / rnbw_n2a.gif
2007.07.25 14:15 B D:\shingon-bd.com\rnbw_o2a.gif --> www.shingon-bd.com / rnbw_o2a.gif
2007.07.25 14:15 B D:\shingon-bd.com\rnbw_s2a.gif --> www.shingon-bd.com / rnbw_s2a.gif
2007.07.25 14:15 B D:\shingon-bd.com\s_ani_dot_4a.gif --> www.shingon-bd.com / s_ani_dot_4a.gif
2007.07.25 14:15 B D:\shingon-bd.com\s_ani_dot_4b.gif --> www.shingon-bd.com / s_ani_dot_4b.gif
2007.07.25 14:15 B D:\shingon-bd.com\s_friez_05.gif --> www.shingon-bd.com / s_friez_05.gif
2007.07.25 14:16 B D:\shingon-bd.com\shingon_office_building_transition1.GIF --> www.shingon-bd.com / shingon_office_building_transition1.GIF
2007.07.25 14:16 B D:\shingon-bd.com\soil-Logo.jpg --> www.shingon-bd.com / soil-Logo.jpg
2007.07.25 14:16 B D:\shingon-bd.com\soil_letterhead.jpg --> www.shingon-bd.com / soil_letterhead.jpg
2007.07.25 14:16 B D:\shingon-bd.com\Thumbs.db --> www.shingon-bd.com / Thumbs.db
2007.07.25 14:16 B D:\shingon-bd.com\tree_plnt_1.JPG --> www.shingon-bd.com / tree_plnt_1.JPG
2007.07.25 14:16 B D:\shingon-bd.com\untitled.mid --> www.shingon-bd.com / untitled.mid
2007.07.25 14:16 B D:\shingon-bd.com\up_arrow.gif --> www.shingon-bd.com / up_arrow.gif
2007.07.25 14:16 B D:\shingon-bd.com\WS_FTP.LOG --> www.shingon-bd.com / WS_FTP.LOG
2007.07.25 14:31 B D:\shingon-bd.com\index.htm --> www.shingon-bd.com / index.htm
2007.07.25 14:32 B D:\shingon-bd.com\introduction_garment_production_from_banglade.htm --> www.shingon-bd.com / introduction_garment_production_from_banglade.htm
2007.07.25 14:33 B D:\shingon-bd.com\company_profiles.htm --> www.shingon-bd.com / company_profiles.htm
2007.07.27 17:18 B D:\shingon-bd.com\sky_1.jpg --> www.shingon-bd.com / sky_1.jpg
2007.07.27 17:19 B D:\shingon-bd.com\txbk_3.jpg --> www.shingon-bd.com / txbk_3.jpg
2007.07.27 17:19 B D:\shingon-bd.com\txbk_4.jpg --> www.shingon-bd.com / txbk_4.jpg
2007.07.27 17:20 B D:\shingon-bd.com\index.htm --> www.shingon-bd.com / index.htm
2007.07.27 17:20 B D:\shingon-bd.com\enter_1.gif --> www.shingon-bd.com / enter_1.gif
2007.07.27 17:20 B D:\shingon-bd.com\email_2.gif --> www.shingon-bd.com / email_2.gif
2007.07.27 17:21 B D:\shingon-bd.com\cittext.gif --> www.shingon-bd.com / cittext.gif
2007.07.27 17:48 B D:\shingon-bd.com\index.htm --> www.shingon-bd.com / index.htm
2007.07.30 11:33 B D:\shingon-bd.com\index.htm --> www.shingon-bd.com / index.htm
2007.07.30 19:32 B D:\shingon-bd.com\dot_1a.gif --> www.shingon-bd.com / dot_1a.gif
2007.07.30 19:33 B D:\shingon-bd.com\index.htm --> www.shingon-bd.com / index.htm
2007.07.30 19:37 B D:\shingon-bd.com\cittext.gif --> www.shingon-bd.com / cittext.gif
2007.08.01 14:50 B D:\shingon-bd.com\index.htm --> www.shingon-bd.com / index.htm
2007.08.01 15:04 B D:\shingon-bd.com\pant_1a.jpg --> www.shingon-bd.com / pant_1a.jpg
2007.08.01 15:04 B D:\shingon-bd.com\pant_2p.jpg --> www.shingon-bd.com / pant_2p.jpg
2007.08.01 15:04 B D:\shingon-bd.com\pnt_todlr.jpg --> www.shingon-bd.com / pnt_todlr.jpg
2007.08.01 15:05 B D:\shingon-bd.com\shirts.jpg --> www.shingon-bd.com / shirts.jpg
2007.08.01 15:05 B D:\shingon-bd.com\short_1a.jpg --> www.shingon-bd.com / short_1a.jpg
2007.08.01 15:06 B D:\shingon-bd.com\smples_1.jpg --> www.shingon-bd.com / smples_1.jpg
2007.08.01 15:06 B D:\shingon-bd.com\smples_2.jpg --> www.shingon-bd.com / smples_2.jpg
2007.08.01 15:07 B D:\shingon-bd.com\txbk_1.jpg --> www.shingon-bd.com / txbk_1.jpg
2007.08.01 15:07 B D:\shingon-bd.com\txbk_2.jpg --> www.shingon-bd.com / txbk_2.jpg
2007.08.01 15:07 B D:\shingon-bd.com\txbk_3.jpg --> www.shingon-bd.com / txbk_3.jpg
2007.08.01 15:07 B D:\shingon-bd.com\txbk_4.jpg --> www.shingon-bd.com / txbk_4.jpg
2007.08.01 15:08 B D:\shingon-bd.com\v_shirts.jpg --> www.shingon-bd.com / v_shirts.jpg
2007.08.03 15:47 B D:\shingon-bd.com\index.htm --> www.shingon-bd.com / index.htm
2007.08.03 16:28 B D:\shingon-bd.com\index.htm --> www.shingon-bd.com / index.htm
2007.08.10 12:02 B D:\shingon-bd.com\index.htm --> www.shingon-bd.com / index.htm
2007.08.13 14:01 B D:\shingon-bd.com\index.htm --> www.shingon-bd.com / index.htm
2007.08.14 15:49 B D:\shingon-bd.com\index.htm <-- Ipswitch / index.htm
2008.01.19 15:53 B D:\shingon-bd.com\2007_work_calendar-bd.xls --> www.shingon-bd.com / 2007_work_calendar-bd.xls
2008.01.19 16:02 B D:\shingon-bd.com\2008_work_calendar-bd.xls --> www.shingon-bd.com / 2008_work_calendar-bd.xls
2008.01.19 16:04 B D:\shingon-bd.com\index.htm --> www.shingon-bd.com / index.htm
2008.01.23 11:52 B D:\shingon-bd.com\index.htm --> www.shingon-bd.com / index.htm
2008.01.24 18:32 B D:\shingon-bd.com\index.htm --> www.shingon-bd.com / index.htm
2008.03.10 12:43 B D:\shingon-bd.com\2008_work_calendar-bd.xls --> www.shingon-bd.com / 2008_work_calendar-bd.xls
2008.06.17 18:58 B D:\shingon-bd.com\index.htm --> www.shingon-bd.com / index.htm
2008.06.17 18:59 B D:\shingon-bd.com\index.htm --> www.shingon-bd.com / index.htm
2008.07.20 17:54 B D:\shingon-bd.com\index.htm --> www.shingon-bd.com / index.htm
2008.07.20 17:55 B D:\shingon-bd.com\index1.htm --> www.shingon-bd.com / index1.htm
2008.07.21 11:35 B D:\shingon-bd.com\index1.htm --> www.shingon-bd.com / index1.htm
2008.07.21 11:36 B D:\shingon-bd.com\index.htm --> www.shingon-bd.com / index.htm
2008.07.21 11:39 B D:\shingon-bd.com\index_r7_c24_f2.jpg --> www.shingon-bd.com /00000001_jpg_files index_r7_c24_f2.jpg
2008.07.21 11:40 B D:\shingon-bd.com\index_r13_c2_f2.jpg --> www.shingon-bd.com /00000001_jpg_files index_r13_c2_f2.jpg
2008.07.21 11:41 B D:\shingon-bd.com\index_r14_c24_f2.jpg --> www.shingon-bd.com /00000001_jpg_files index_r14_c24_f2.jpg
2008.07.21 11:43 B D:\shingon-bd.com\index_r15_c2_f2.jpg --> www.shingon-bd.com /00000001_jpg_files index_r15_c2_f2.jpg
2008.07.21 11:44 B D:\shingon-bd.com\index_r15_c8_f2.jpg --> www.shingon-bd.com /00000001_jpg_files index_r15_c8_f2.jpg
2008.07.21 11:46 B D:\shingon-bd.com\index_r3_c3_f2.gif --> www.shingon-bd.com /00000001_jpg_files index_r3_c3_f2.gif
2008.07.21 11:46 B D:\shingon-bd.com\index_r3_c3_f3.gif --> www.shingon-bd.com /00000001_jpg_files index_r3_c3_f3.gif
2008.07.21 11:46 B D:\shingon-bd.com\index_r3_c3_f4.gif --> www.shingon-bd.com /00000001_jpg_files index_r3_c3_f4.gif
2008.07.21 11:46 B D:\shingon-bd.com\index_r3_c8_f2.gif --> www.shingon-bd.com /00000001_jpg_files index_r3_c8_f2.gif
2008.07.21 11:47 B D:\shingon-bd.com\index_r3_c8_f3.gif --> www.shingon-bd.com /00000001_jpg_files index_r3_c8_f3.gif
2008.07.21 11:47 B D:\shingon-bd.com\index_r3_c8_f4.gif --> www.shingon-bd.com /00000001_jpg_files index_r3_c8_f4.gif
2008.07.21 11:47 B D:\shingon-bd.com\index_r4_c14_f2.gif --> www.shingon-bd.com /00000001_jpg_files index_r4_c14_f2.gif
2008.07.21 11:47 B D:\shingon-bd.com\index_r4_c14_f3.gif --> www.shingon-bd.com /00000001_jpg_files index_r4_c14_f3.gif
2008.07.21 11:47 B D:\shingon-bd.com\index_r4_c14_f4.gif --> www.shingon-bd.com /00000001_jpg_files index_r4_c14_f4.gif
2008.07.21 11:48 B D:\shingon-bd.com\index_r4_c16_f2.gif --> www.shingon-bd.com /00000001_jpg_files index_r4_c16_f2.gif
2008.07.21 11:48 B D:\shingon-bd.com\index_r4_c16_f3.gif --> www.shingon-bd.com /00000001_jpg_files index_r4_c16_f3.gif
2008.07.21 11:52 B D:\shingon-bd.com\index.htm --> www.shingon-bd.com / index.htm
2008.07.21 11:53 B D:\shingon-bd.com\index1.htm --> www.shingon-bd.com / index1.htm
2008.07.21 15:18 B D:\shingon-bd.com\index.htm --> www.shingon-bd.com / index.htm
2008.07.21 15:18 B D:\shingon-bd.com\index1.htm --> www.shingon-bd.com / index1.htm
2008.07.21 16:53 B D:\shingon-bd.com\index.htm --> www.shingon-bd.com / index.htm
2008.07.21 17:29 B D:\shingon-bd.com\index.htm --> www.shingon-bd.com / index.htm
2008.07.23 10:06 B D:\shingon-bd.com\contuctus_dhaka_office__shing_on_internati.htm --> www.shingon-bd.com / contuctus_dhaka_office__shing_on_internati.htm
2008.07.23 10:47 B D:\shingon-bd.com\introduction_garment_production_from_banglade.htm --> www.shingon-bd.com / introduction_garment_production_from_banglade.htm
2008.07.23 11:12 B D:\shingon-bd.com\index.htm --> www.shingon-bd.com / index.htm
2008.07.23 12:02 B D:\shingon-bd.com\index.htm --> www.shingon-bd.com / index.htm
2008.07.23 14:25 B D:\shingon-bd.com\index.htm --> www.shingon-bd.com / index.htm
2008.07.23 14:29 B D:\shingon-bd.com\introduction_garment_production_from_banglade.htm --> www.shingon-bd.com / introduction_garment_production_from_banglade.htm
2008.07.25 10:42 B D:\shingon-bd.com\contuctus_dhaka_office__shing_on_internati.htm --> www.shingon-bd.com / contuctus_dhaka_office__shing_on_internati.htm
2008.07.28 10:25 B D:\shingon-bd.com\introduction_garment_production_from_banglade.htm --> www.shingon-bd.com / introduction_garment_production_from_banglade.htm
2008.07.28 10:27 B D:\shingon-bd.com\introduction_garment_production_from_banglade.htm --> www.shingon-bd.com / introduction_garment_production_from_banglade.htm
2008.07.28 10:31 B D:\shingon-bd.com\introduction_garment_production_from_banglade.htm --> www.shingon-bd.com / introduction_garment_production_from_banglade.htm
2008.07.28 10:39 B D:\shingon-bd.com\introduction_garment_production_from_banglade.htm --> www.shingon-bd.com / introduction_garment_production_from_banglade.htm
2008.07.28 10:42 B D:\shingon-bd.com\introduction_garment_production_from_banglade.htm --> www.shingon-bd.com / introduction_garment_production_from_banglade.htm
2008.07.28 10:53 B D:\shingon-bd.com\introduction_garment_production_from_banglade.htm --> www.shingon-bd.com / introduction_garment_production_from_banglade.htm
2008.07.28 10:54 B D:\shingon-bd.com\introduction_garment_production_from_banglade.htm --> www.shingon-bd.com / introduction_garment_production_from_banglade.htm
2008.07.28 11:05 B D:\shingon-bd.com\introduction_garment_production_from_banglade.htm --> www.shingon-bd.com / introduction_garment_production_from_banglade.htm
2008.07.28 16:31 B D:\shingon-bd.com\expbul2a.gif --> www.shingon-bd.com / expbul2a.gif
2008.08.03 11:21 B D:\shingon-bd.com\2008_work_calendar-bd.xls --> www.shingon-bd.com / 2008_work_calendar-bd.xls
2008.08.07 12:01 B D:\shingon-bd.com\contuctus_dhaka_office__shing_on_internati.htm --> www.shingon-bd.com / contuctus_dhaka_office__shing_on_internati.htm
2008.08.14 14:11 B D:\shingon-bd.com\introduction_garment_production_from_banglade.htm --> www.shingon-bd.com / introduction_garment_production_from_banglade.htm
2008.08.14 14:12 B D:\shingon-bd.com\expbul3a.gif --> www.shingon-bd.com / expbul3a.gif
2008.08.20 19:36 B D:\shingon-bd.com\contuctus_dhaka_office__shing_on_internati.htm --> www.shingon-bd.com / contuctus_dhaka_office__shing_on_internati.htm
2008.08.21 12:57 B D:\shingon-bd.com\introduction_garment_production_from_banglade.htm --> www.shingon-bd.com / introduction_garment_production_from_banglade.htm
2008.09.04 13:38 B D:\shingon-bd.com\company_profiles.htm --> www.shingon-bd.com / company_profiles.htm
2008.09.04 14:31 B D:\shingon-bd.com\company_profiles.htm --> www.shingon-bd.com / company_profiles.htm
2008.09.24 16:30 B D:\shingon-bd.com\2008_work_calendar-bd.xls --> www.shingon-bd.com / 2008_work_calendar-bd.xls
2008.09.29 12:04 B D:\shingon-bd.com\2008_work_calendar-bd.xls --> www.shingon-bd.com / 2008_work_calendar-bd.xls
2008.10.07 14:34 B D:\shingon-bd.com\2008_work_calendar-bd.xls --> www.shingon-bd.com / 2008_work_calendar-bd.xls
2008.10.19 12:16 B D:\shingon-bd.com\contuctus_dhaka_office__shing_on_internati.htm --> www.shingon-bd.com / contuctus_dhaka_office__shing_on_internati.htm
2008.11.11 11:54 B D:\shingon-bd.com\2009_work_calendar-bd.xls --> www.shingon-bd.com / 2009_work_calendar-bd.xls
2008.11.11 11:56 B D:\shingon-bd.com\index.htm --> www.shingon-bd.com / index.htm
2008.11.23 11:33 B D:\shingon-bd.com\index.htm --> www.shingon-bd.com / index.htm
2008.11.23 11:46 B D:\shingon-bd.com\index.htm --> www.shingon-bd.com / index.htm
2008.11.23 11:52 B D:\shingon-bd.com\index.htm --> www.shingon-bd.com / index.htm
2009.01.04 15:33 B D:\shingon-bd.com\index.htm --> www.shingon-bd.com / index.htm
2009.01.06 12:03 B D:\shingon-bd.com\2009_work_calendar-bd.xls --> www.shingon-bd.com / 2009_work_calendar-bd.xls
2009.01.15 17:16 B D:\shingon-bd.com\2009_work_calendar-bd.xls --> www.shingon-bd.com / 2009_work_calendar-bd.xls
2009.01.15 17:17 B D:\shingon-bd.com\2009_work_calendar-bd.xls --> www.shingon-bd.com / 2009_work_calendar-bd.xls
2009.02.12 16:48 B D:\shingon-bd.com\index.htm --> www.shingon-bd.com / index.htm
2009.02.12 17:03 B D:\shingon-bd.com\introduction_garment_production_from_banglade.htm --> www.shingon-bd.com / introduction_garment_production_from_banglade.htm
2015.02.27 18:08 B D:\shingon-bd.com\webtech-bd.com\kobita_profiles.htm --> www.shingon-bd.com /public_html/webtech-bd.com kobita_profiles.htm
2015.02.27 18:09 B D:\shingon-bd.com\webtech-bd.com\1anidot_5a.gif --> www.shingon-bd.com /public_html/webtech-bd.com 1anidot_5a.gif
2015.02.27 18:09 B D:\shingon-bd.com\webtech-bd.com\arrows.gif --> www.shingon-bd.com /public_html/webtech-bd.com arrows.gif
2015.02.27 18:09 B D:\shingon-bd.com\webtech-bd.com\arrw_frnt.gif --> www.shingon-bd.com /public_html/webtech-bd.com arrw_frnt.gif
2015.02.27 18:09 B D:\shingon-bd.com\webtech-bd.com\btn_next.gif --> www.shingon-bd.com /public_html/webtech-bd.com btn_next.gif
2015.02.27 18:09 B D:\shingon-bd.com\webtech-bd.com\btn_previous.gif --> www.shingon-bd.com /public_html/webtech-bd.com btn_previous.gif
2015.02.27 18:09 B D:\shingon-bd.com\webtech-bd.com\btngreenbg.jpg --> www.shingon-bd.com /public_html/webtech-bd.com btngreenbg.jpg
2015.02.27 18:09 B D:\shingon-bd.com\webtech-bd.com\citbul1a.gif --> www.shingon-bd.com /public_html/webtech-bd.com citbul1a.gif
2015.02.27 18:09 B D:\shingon-bd.com\webtech-bd.com\citbul2a.gif --> www.shingon-bd.com /public_html/webtech-bd.com citbul2a.gif
2015.02.27 18:09 B D:\shingon-bd.com\webtech-bd.com\citbul3a.gif --> www.shingon-bd.com /public_html/webtech-bd.com citbul3a.gif
2015.02.27 18:09 B D:\shingon-bd.com\webtech-bd.com\citsepa.gif --> www.shingon-bd.com /public_html/webtech-bd.com citsepa.gif
2015.02.27 18:09 B D:\shingon-bd.com\webtech-bd.com\cittext.gif --> www.shingon-bd.com /public_html/webtech-bd.com cittext.gif
2015.02.27 18:09 B D:\shingon-bd.com\webtech-bd.com\click_here_2.gif --> www.shingon-bd.com /public_html/webtech-bd.com click_here_2.gif
2015.02.27 18:09 B D:\shingon-bd.com\webtech-bd.com\clr_bar.gif --> www.shingon-bd.com /public_html/webtech-bd.com clr_bar.gif
2015.02.27 18:09 B D:\shingon-bd.com\webtech-bd.com\contact_us.htm --> www.shingon-bd.com /public_html/webtech-bd.com contact_us.htm
2015.02.27 18:09 B D:\shingon-bd.com\webtech-bd.com\d-sm.gif --> www.shingon-bd.com /public_html/webtech-bd.com d-sm.gif
2015.02.27 18:09 B D:\shingon-bd.com\webtech-bd.com\dot_1a.gif --> www.shingon-bd.com /public_html/webtech-bd.com dot_1a.gif
2015.02.27 18:09 B D:\shingon-bd.com\webtech-bd.com\down_arrow.gif --> www.shingon-bd.com /public_html/webtech-bd.com down_arrow.gif
2015.02.27 18:09 B D:\shingon-bd.com\webtech-bd.com\email_2.gif --> www.shingon-bd.com /public_html/webtech-bd.com email_2.gif
2015.02.27 18:09 B D:\shingon-bd.com\webtech-bd.com\enter_1.gif --> www.shingon-bd.com /public_html/webtech-bd.com enter_1.gif
2015.02.27 18:09 B D:\shingon-bd.com\webtech-bd.com\expbul1a.gif --> www.shingon-bd.com /public_html/webtech-bd.com expbul1a.gif
2015.02.27 18:09 B D:\shingon-bd.com\webtech-bd.com\expbul2a.gif --> www.shingon-bd.com /public_html/webtech-bd.com expbul2a.gif
2015.02.27 18:09 B D:\shingon-bd.com\webtech-bd.com\expbul2a.jpg --> www.shingon-bd.com /public_html/webtech-bd.com expbul2a.jpg
2015.02.27 18:09 B D:\shingon-bd.com\webtech-bd.com\expbul3a.gif --> www.shingon-bd.com /public_html/webtech-bd.com expbul3a.gif
2015.02.27 18:09 B D:\shingon-bd.com\webtech-bd.com\exphorsa.gif --> www.shingon-bd.com /public_html/webtech-bd.com exphorsa.gif
2015.02.27 18:09 B D:\shingon-bd.com\webtech-bd.com\go_2.gif --> www.shingon-bd.com /public_html/webtech-bd.com go_2.gif
2015.02.27 18:09 B D:\shingon-bd.com\webtech-bd.com\home.gif --> www.shingon-bd.com /public_html/webtech-bd.com home.gif
2015.02.27 18:09 B D:\shingon-bd.com\webtech-bd.com\homeicon.gif --> www.shingon-bd.com /public_html/webtech-bd.com homeicon.gif
2015.02.27 18:09 B D:\shingon-bd.com\webtech-bd.com\icon-2.png --> www.shingon-bd.com /public_html/webtech-bd.com icon-2.png
2015.02.27 18:09 B D:\shingon-bd.com\webtech-bd.com\icon-7.png --> www.shingon-bd.com /public_html/webtech-bd.com icon-7.png
2015.02.27 18:09 B D:\shingon-bd.com\webtech-bd.com\index.htm --> www.shingon-bd.com /public_html/webtech-bd.com index.htm
2015.02.27 18:09 B D:\shingon-bd.com\webtech-bd.com\introduction_webtech.htm --> www.shingon-bd.com /public_html/webtech-bd.com introduction_webtech.htm
2015.02.27 18:09 B D:\shingon-bd.com\webtech-bd.com\kobita_profiles.htm --> www.shingon-bd.com /public_html/webtech-bd.com kobita_profiles.htm
2015.02.27 18:09 B D:\shingon-bd.com\webtech-bd.com\logo-wt-1.gif --> www.shingon-bd.com /public_html/webtech-bd.com logo-wt-1.gif
2015.02.27 18:09 B D:\shingon-bd.com\webtech-bd.com\logo-wt-1.png --> www.shingon-bd.com /public_html/webtech-bd.com logo-wt-1.png
2015.02.27 18:09 B D:\shingon-bd.com\webtech-bd.com\logo-wt-3.png --> www.shingon-bd.com /public_html/webtech-bd.com logo-wt-3.png
2015.02.27 18:09 B D:\shingon-bd.com\webtech-bd.com\logo-wt-4.png --> www.shingon-bd.com /public_html/webtech-bd.com logo-wt-4.png
2015.02.27 18:09 B D:\shingon-bd.com\webtech-bd.com\logo-wt-5.png --> www.shingon-bd.com /public_html/webtech-bd.com logo-wt-5.png
2015.02.27 18:09 B D:\shingon-bd.com\webtech-bd.com\logo-wt-6.png --> www.shingon-bd.com /public_html/webtech-bd.com logo-wt-6.png
2015.02.27 18:09 B D:\shingon-bd.com\webtech-bd.com\logo-wt.jpg --> www.shingon-bd.com /public_html/webtech-bd.com logo-wt.jpg
2015.02.27 18:09 B D:\shingon-bd.com\webtech-bd.com\new_5.gif --> www.shingon-bd.com /public_html/webtech-bd.com new_5.gif
2015.02.27 18:09 B D:\shingon-bd.com\webtech-bd.com\next.gif --> www.shingon-bd.com /public_html/webtech-bd.com next.gif
2015.02.27 18:09 B D:\shingon-bd.com\webtech-bd.com\next_2.gif --> www.shingon-bd.com /public_html/webtech-bd.com next_2.gif
2015.02.27 18:09 B D:\shingon-bd.com\webtech-bd.com\online.gif --> www.shingon-bd.com /public_html/webtech-bd.com online.gif
2015.02.27 18:09 B D:\shingon-bd.com\webtech-bd.com\opening_new.gif --> www.shingon-bd.com /public_html/webtech-bd.com opening_new.gif
2015.02.27 18:09 B D:\shingon-bd.com\webtech-bd.com\pr_bds.gif --> www.shingon-bd.com /public_html/webtech-bd.com pr_bds.gif
2015.02.27 18:09 B D:\shingon-bd.com\webtech-bd.com\print.gif --> www.shingon-bd.com /public_html/webtech-bd.com print.gif
2015.02.27 18:09 B D:\shingon-bd.com\webtech-bd.com\s_ani_dot_4a.gif --> www.shingon-bd.com /public_html/webtech-bd.com s_ani_dot_4a.gif
2015.02.27 18:09 B D:\shingon-bd.com\webtech-bd.com\s_ani_dot_4b.gif --> www.shingon-bd.com /public_html/webtech-bd.com s_ani_dot_4b.gif
2015.02.27 18:09 B D:\shingon-bd.com\webtech-bd.com\s_friez_05.gif --> www.shingon-bd.com /public_html/webtech-bd.com s_friez_05.gif
2015.02.27 18:09 B D:\shingon-bd.com\webtech-bd.com\sky_1.jpg --> www.shingon-bd.com /public_html/webtech-bd.com sky_1.jpg
2015.02.27 18:09 B D:\shingon-bd.com\webtech-bd.com\spacer.gif --> www.shingon-bd.com /public_html/webtech-bd.com spacer.gif
2015.02.27 18:09 B D:\shingon-bd.com\webtech-bd.com\stdtheme.css --> www.shingon-bd.com /public_html/webtech-bd.com stdtheme.css
2015.02.27 18:09 B D:\shingon-bd.com\webtech-bd.com\texbk_5.jpg --> www.shingon-bd.com /public_html/webtech-bd.com texbk_5.jpg
2015.02.27 18:09 B D:\shingon-bd.com\webtech-bd.com\Thumbs.db --> www.shingon-bd.com /public_html/webtech-bd.com Thumbs.db
2015.02.27 18:09 B D:\shingon-bd.com\webtech-bd.com\tree_plnt_1.JPG --> www.shingon-bd.com /public_html/webtech-bd.com tree_plnt_1.JPG
2015.02.27 18:09 B D:\shingon-bd.com\webtech-bd.com\txbk_1.jpg --> www.shingon-bd.com /public_html/webtech-bd.com txbk_1.jpg
2015.02.27 18:09 B D:\shingon-bd.com\webtech-bd.com\txbk_2.jpg --> www.shingon-bd.com /public_html/webtech-bd.com txbk_2.jpg
2015.02.27 18:09 B D:\shingon-bd.com\webtech-bd.com\up_arrow.gif --> www.shingon-bd.com /public_html/webtech-bd.com up_arrow.gif
2015.02.27 18:09 B D:\shingon-bd.com\webtech-bd.com\WS_FTP.LOG --> www.shingon-bd.com /public_html/webtech-bd.com WS_FTP.LOG
2015.02.27 18:09 B D:\shingon-bd.com\webtech-bd.com\wt-bnr2.gif --> www.shingon-bd.com /public_html/webtech-bd.com wt-bnr2.gif
2015.02.27 18:09 B D:\shingon-bd.com\webtech-bd.com\wt-bnr8.gif --> www.shingon-bd.com /public_html/webtech-bd.com wt-bnr8.gif
