2015.02.26 16:45 B D:\shingon-bd.com\webtech-bd.com\kobita\kabita_misc\akti_kabita.gif --> www.shingon-bd.com /public_html/webtech-bd.com/kobita/kabita_misc akti_kabita.gif
2015.02.26 16:45 B D:\shingon-bd.com\webtech-bd.com\kobita\kabita_misc\akti_kabita.htm --> www.shingon-bd.com /public_html/webtech-bd.com/kobita/kabita_misc akti_kabita.htm
2015.02.26 16:45 B D:\shingon-bd.com\webtech-bd.com\kobita\kabita_misc\akti_kabita.png --> www.shingon-bd.com /public_html/webtech-bd.com/kobita/kabita_misc akti_kabita.png
2015.02.26 16:46 B D:\shingon-bd.com\webtech-bd.com\kobita\kabita_misc\ami-tax-dai-kano.gif --> www.shingon-bd.com /public_html/webtech-bd.com/kobita/kabita_misc ami-tax-dai-kano.gif
2015.02.26 16:46 B D:\shingon-bd.com\webtech-bd.com\kobita\kabita_misc\ami-tax-dai-kano.htm --> www.shingon-bd.com /public_html/webtech-bd.com/kobita/kabita_misc ami-tax-dai-kano.htm
2015.02.26 16:46 B D:\shingon-bd.com\webtech-bd.com\kobita\kabita_misc\ami-tax-dai-kano.png --> www.shingon-bd.com /public_html/webtech-bd.com/kobita/kabita_misc ami-tax-dai-kano.png
2015.02.26 16:46 B D:\shingon-bd.com\webtech-bd.com\kobita\kabita_misc\ami_shamajer.gif --> www.shingon-bd.com /public_html/webtech-bd.com/kobita/kabita_misc ami_shamajer.gif
2015.02.26 16:46 B D:\shingon-bd.com\webtech-bd.com\kobita\kabita_misc\ami_shamajer.htm --> www.shingon-bd.com /public_html/webtech-bd.com/kobita/kabita_misc ami_shamajer.htm
2015.02.26 16:46 B D:\shingon-bd.com\webtech-bd.com\kobita\kabita_misc\ami_shamajer.png --> www.shingon-bd.com /public_html/webtech-bd.com/kobita/kabita_misc ami_shamajer.png
2015.02.26 16:46 B D:\shingon-bd.com\webtech-bd.com\kobita\kabita_misc\bhul.gif --> www.shingon-bd.com /public_html/webtech-bd.com/kobita/kabita_misc bhul.gif
2015.02.26 16:46 B D:\shingon-bd.com\webtech-bd.com\kobita\kabita_misc\bhul.htm --> www.shingon-bd.com /public_html/webtech-bd.com/kobita/kabita_misc bhul.htm
2015.02.26 16:46 B D:\shingon-bd.com\webtech-bd.com\kobita\kabita_misc\bhul.png --> www.shingon-bd.com /public_html/webtech-bd.com/kobita/kabita_misc bhul.png
2015.02.26 16:46 B D:\shingon-bd.com\webtech-bd.com\kobita\kabita_misc\boyeshak.gif --> www.shingon-bd.com /public_html/webtech-bd.com/kobita/kabita_misc boyeshak.gif
2015.02.26 16:46 B D:\shingon-bd.com\webtech-bd.com\kobita\kabita_misc\boyeshak.htm --> www.shingon-bd.com /public_html/webtech-bd.com/kobita/kabita_misc boyeshak.htm
2015.02.26 16:46 B D:\shingon-bd.com\webtech-bd.com\kobita\kabita_misc\boyeshak.png --> www.shingon-bd.com /public_html/webtech-bd.com/kobita/kabita_misc boyeshak.png
2015.02.26 16:46 B D:\shingon-bd.com\webtech-bd.com\kobita\kabita_misc\druto_unnyon.gif --> www.shingon-bd.com /public_html/webtech-bd.com/kobita/kabita_misc druto_unnyon.gif
2015.02.26 16:46 B D:\shingon-bd.com\webtech-bd.com\kobita\kabita_misc\druto_unnyon.htm --> www.shingon-bd.com /public_html/webtech-bd.com/kobita/kabita_misc druto_unnyon.htm
2015.02.26 16:46 B D:\shingon-bd.com\webtech-bd.com\kobita\kabita_misc\druto_unnyon.png --> www.shingon-bd.com /public_html/webtech-bd.com/kobita/kabita_misc druto_unnyon.png
2015.02.26 16:46 B D:\shingon-bd.com\webtech-bd.com\kobita\kabita_misc\fagun_ratya.gif --> www.shingon-bd.com /public_html/webtech-bd.com/kobita/kabita_misc fagun_ratya.gif
2015.02.26 16:46 B D:\shingon-bd.com\webtech-bd.com\kobita\kabita_misc\fagun_ratya.htm --> www.shingon-bd.com /public_html/webtech-bd.com/kobita/kabita_misc fagun_ratya.htm
2015.02.26 16:46 B D:\shingon-bd.com\webtech-bd.com\kobita\kabita_misc\fagun_ratya.png --> www.shingon-bd.com /public_html/webtech-bd.com/kobita/kabita_misc fagun_ratya.png
2015.02.26 16:46 B D:\shingon-bd.com\webtech-bd.com\kobita\kabita_misc\falguni_sadhinata.gif --> www.shingon-bd.com /public_html/webtech-bd.com/kobita/kabita_misc falguni_sadhinata.gif
2015.02.26 16:46 B D:\shingon-bd.com\webtech-bd.com\kobita\kabita_misc\falguni_sadhinata.htm --> www.shingon-bd.com /public_html/webtech-bd.com/kobita/kabita_misc falguni_sadhinata.htm
2015.02.26 16:46 B D:\shingon-bd.com\webtech-bd.com\kobita\kabita_misc\falguni_sadhinata.png --> www.shingon-bd.com /public_html/webtech-bd.com/kobita/kabita_misc falguni_sadhinata.png
2015.02.26 16:46 B D:\shingon-bd.com\webtech-bd.com\kobita\kabita_misc\kabita_kahar_jannya.gif --> www.shingon-bd.com /public_html/webtech-bd.com/kobita/kabita_misc kabita_kahar_jannya.gif
2015.02.26 16:46 B D:\shingon-bd.com\webtech-bd.com\kobita\kabita_misc\kabita_kahar_jannya.htm --> www.shingon-bd.com /public_html/webtech-bd.com/kobita/kabita_misc kabita_kahar_jannya.htm
2015.02.26 16:46 B D:\shingon-bd.com\webtech-bd.com\kobita\kabita_misc\kabita_kahar_jannya.png --> www.shingon-bd.com /public_html/webtech-bd.com/kobita/kabita_misc kabita_kahar_jannya.png
2015.02.26 16:46 B D:\shingon-bd.com\webtech-bd.com\kobita\kabita_misc\kobita_somayar.gif --> www.shingon-bd.com /public_html/webtech-bd.com/kobita/kabita_misc kobita_somayar.gif
2015.02.26 16:46 B D:\shingon-bd.com\webtech-bd.com\kobita\kabita_misc\kobita_somayar.htm --> www.shingon-bd.com /public_html/webtech-bd.com/kobita/kabita_misc kobita_somayar.htm
2015.02.26 16:46 B D:\shingon-bd.com\webtech-bd.com\kobita\kabita_misc\kobita_somayar.png --> www.shingon-bd.com /public_html/webtech-bd.com/kobita/kabita_misc kobita_somayar.png
2015.02.26 16:46 B D:\shingon-bd.com\webtech-bd.com\kobita\kabita_misc\korbani.gif --> www.shingon-bd.com /public_html/webtech-bd.com/kobita/kabita_misc korbani.gif
2015.02.26 16:46 B D:\shingon-bd.com\webtech-bd.com\kobita\kabita_misc\korbani.htm --> www.shingon-bd.com /public_html/webtech-bd.com/kobita/kabita_misc korbani.htm
2015.02.26 16:46 B D:\shingon-bd.com\webtech-bd.com\kobita\kabita_misc\korbani.png --> www.shingon-bd.com /public_html/webtech-bd.com/kobita/kabita_misc korbani.png
2015.02.26 16:46 B D:\shingon-bd.com\webtech-bd.com\kobita\kabita_misc\milon_mela.gif --> www.shingon-bd.com /public_html/webtech-bd.com/kobita/kabita_misc milon_mela.gif
2015.02.26 16:46 B D:\shingon-bd.com\webtech-bd.com\kobita\kabita_misc\milon_mela.htm --> www.shingon-bd.com /public_html/webtech-bd.com/kobita/kabita_misc milon_mela.htm
2015.02.26 16:46 B D:\shingon-bd.com\webtech-bd.com\kobita\kabita_misc\milon_mela.png --> www.shingon-bd.com /public_html/webtech-bd.com/kobita/kabita_misc milon_mela.png
2015.02.26 16:46 B D:\shingon-bd.com\webtech-bd.com\kobita\kabita_misc\nitanthyo.gif --> www.shingon-bd.com /public_html/webtech-bd.com/kobita/kabita_misc nitanthyo.gif
2015.02.26 16:46 B D:\shingon-bd.com\webtech-bd.com\kobita\kabita_misc\nitanthyo.htm --> www.shingon-bd.com /public_html/webtech-bd.com/kobita/kabita_misc nitanthyo.htm
2015.02.26 16:46 B D:\shingon-bd.com\webtech-bd.com\kobita\kabita_misc\nitanthyo.png --> www.shingon-bd.com /public_html/webtech-bd.com/kobita/kabita_misc nitanthyo.png
2015.02.26 16:46 B D:\shingon-bd.com\webtech-bd.com\kobita\kabita_misc\prabortan1.gif --> www.shingon-bd.com /public_html/webtech-bd.com/kobita/kabita_misc prabortan1.gif
2015.02.26 16:46 B D:\shingon-bd.com\webtech-bd.com\kobita\kabita_misc\prabortan1.htm --> www.shingon-bd.com /public_html/webtech-bd.com/kobita/kabita_misc prabortan1.htm
2015.02.26 16:46 B D:\shingon-bd.com\webtech-bd.com\kobita\kabita_misc\prabortan1.png --> www.shingon-bd.com /public_html/webtech-bd.com/kobita/kabita_misc prabortan1.png
2015.02.26 16:46 B D:\shingon-bd.com\webtech-bd.com\kobita\kabita_misc\rajniti.gif --> www.shingon-bd.com /public_html/webtech-bd.com/kobita/kabita_misc rajniti.gif
2015.02.26 16:46 B D:\shingon-bd.com\webtech-bd.com\kobita\kabita_misc\rajniti.htm --> www.shingon-bd.com /public_html/webtech-bd.com/kobita/kabita_misc rajniti.htm
2015.02.26 16:46 B D:\shingon-bd.com\webtech-bd.com\kobita\kabita_misc\rajniti.png --> www.shingon-bd.com /public_html/webtech-bd.com/kobita/kabita_misc rajniti.png
2015.02.26 16:46 B D:\shingon-bd.com\webtech-bd.com\kobita\kabita_misc\ridya_majhya.gif --> www.shingon-bd.com /public_html/webtech-bd.com/kobita/kabita_misc ridya_majhya.gif
2015.02.26 16:46 B D:\shingon-bd.com\webtech-bd.com\kobita\kabita_misc\ridya_majhya.htm --> www.shingon-bd.com /public_html/webtech-bd.com/kobita/kabita_misc ridya_majhya.htm
2015.02.26 16:46 B D:\shingon-bd.com\webtech-bd.com\kobita\kabita_misc\ridya_majhya.png --> www.shingon-bd.com /public_html/webtech-bd.com/kobita/kabita_misc ridya_majhya.png
2015.02.26 16:46 B D:\shingon-bd.com\webtech-bd.com\kobita\kabita_misc\robayar_pahar.gif --> www.shingon-bd.com /public_html/webtech-bd.com/kobita/kabita_misc robayar_pahar.gif
2015.02.26 16:46 B D:\shingon-bd.com\webtech-bd.com\kobita\kabita_misc\robayar_pahar.htm --> www.shingon-bd.com /public_html/webtech-bd.com/kobita/kabita_misc robayar_pahar.htm
2015.02.26 16:46 B D:\shingon-bd.com\webtech-bd.com\kobita\kabita_misc\robayar_pahar.png --> www.shingon-bd.com /public_html/webtech-bd.com/kobita/kabita_misc robayar_pahar.png
2015.02.26 16:46 B D:\shingon-bd.com\webtech-bd.com\kobita\kabita_misc\sadhin_bangladesh.gif --> www.shingon-bd.com /public_html/webtech-bd.com/kobita/kabita_misc sadhin_bangladesh.gif
2015.02.26 16:46 B D:\shingon-bd.com\webtech-bd.com\kobita\kabita_misc\sadhin_bangladesh.htm --> www.shingon-bd.com /public_html/webtech-bd.com/kobita/kabita_misc sadhin_bangladesh.htm
2015.02.26 16:46 B D:\shingon-bd.com\webtech-bd.com\kobita\kabita_misc\sadhin_bangladesh.png --> www.shingon-bd.com /public_html/webtech-bd.com/kobita/kabita_misc sadhin_bangladesh.png
2015.02.26 16:46 B D:\shingon-bd.com\webtech-bd.com\kobita\kabita_misc\sadhinatha.gif --> www.shingon-bd.com /public_html/webtech-bd.com/kobita/kabita_misc sadhinatha.gif
2015.02.26 16:46 B D:\shingon-bd.com\webtech-bd.com\kobita\kabita_misc\sadhinatha.htm --> www.shingon-bd.com /public_html/webtech-bd.com/kobita/kabita_misc sadhinatha.htm
2015.02.26 16:46 B D:\shingon-bd.com\webtech-bd.com\kobita\kabita_misc\sadhinatha.png --> www.shingon-bd.com /public_html/webtech-bd.com/kobita/kabita_misc sadhinatha.png
2015.02.26 16:46 B D:\shingon-bd.com\webtech-bd.com\kobita\kabita_misc\sarat_rath.gif --> www.shingon-bd.com /public_html/webtech-bd.com/kobita/kabita_misc sarat_rath.gif
2015.02.26 16:46 B D:\shingon-bd.com\webtech-bd.com\kobita\kabita_misc\sarat_rath.htm --> www.shingon-bd.com /public_html/webtech-bd.com/kobita/kabita_misc sarat_rath.htm
2015.02.26 16:46 B D:\shingon-bd.com\webtech-bd.com\kobita\kabita_misc\sarat_rath.png --> www.shingon-bd.com /public_html/webtech-bd.com/kobita/kabita_misc sarat_rath.png
2015.02.26 16:46 B D:\shingon-bd.com\webtech-bd.com\kobita\kabita_misc\sharat_akash.gif --> www.shingon-bd.com /public_html/webtech-bd.com/kobita/kabita_misc sharat_akash.gif
2015.02.26 16:46 B D:\shingon-bd.com\webtech-bd.com\kobita\kabita_misc\sharat_akash.htm --> www.shingon-bd.com /public_html/webtech-bd.com/kobita/kabita_misc sharat_akash.htm
2015.02.26 16:46 B D:\shingon-bd.com\webtech-bd.com\kobita\kabita_misc\sharat_akash.png --> www.shingon-bd.com /public_html/webtech-bd.com/kobita/kabita_misc sharat_akash.png
2015.02.26 16:46 B D:\shingon-bd.com\webtech-bd.com\kobita\kabita_misc\sharbik_unnyan.gif --> www.shingon-bd.com /public_html/webtech-bd.com/kobita/kabita_misc sharbik_unnyan.gif
2015.02.26 16:46 B D:\shingon-bd.com\webtech-bd.com\kobita\kabita_misc\sharbik_unnyan.htm --> www.shingon-bd.com /public_html/webtech-bd.com/kobita/kabita_misc sharbik_unnyan.htm
2015.02.26 16:46 B D:\shingon-bd.com\webtech-bd.com\kobita\kabita_misc\sharbik_unnyan.png --> www.shingon-bd.com /public_html/webtech-bd.com/kobita/kabita_misc sharbik_unnyan.png
2015.02.26 16:46 B D:\shingon-bd.com\webtech-bd.com\kobita\kabita_misc\shawnirvor_andolon.gif --> www.shingon-bd.com /public_html/webtech-bd.com/kobita/kabita_misc shawnirvor_andolon.gif
2015.02.26 16:46 B D:\shingon-bd.com\webtech-bd.com\kobita\kabita_misc\shawnirvor_andolon.htm --> www.shingon-bd.com /public_html/webtech-bd.com/kobita/kabita_misc shawnirvor_andolon.htm
2015.02.26 16:46 B D:\shingon-bd.com\webtech-bd.com\kobita\kabita_misc\shawnirvor_andolon.png --> www.shingon-bd.com /public_html/webtech-bd.com/kobita/kabita_misc shawnirvor_andolon.png
2015.02.26 16:46 B D:\shingon-bd.com\webtech-bd.com\kobita\kabita_misc\sonalata.gif --> www.shingon-bd.com /public_html/webtech-bd.com/kobita/kabita_misc sonalata.gif
2015.02.26 16:46 B D:\shingon-bd.com\webtech-bd.com\kobita\kabita_misc\sonalata.htm --> www.shingon-bd.com /public_html/webtech-bd.com/kobita/kabita_misc sonalata.htm
2015.02.26 16:46 B D:\shingon-bd.com\webtech-bd.com\kobita\kabita_misc\sonalata.png --> www.shingon-bd.com /public_html/webtech-bd.com/kobita/kabita_misc sonalata.png
2015.02.26 16:46 B D:\shingon-bd.com\webtech-bd.com\kobita\kabita_misc\sonar_bangladeshtitya.gif --> www.shingon-bd.com /public_html/webtech-bd.com/kobita/kabita_misc sonar_bangladeshtitya.gif
2015.02.26 16:46 B D:\shingon-bd.com\webtech-bd.com\kobita\kabita_misc\sonar_bangladeshtitya.htm --> www.shingon-bd.com /public_html/webtech-bd.com/kobita/kabita_misc sonar_bangladeshtitya.htm
2015.02.26 16:46 B D:\shingon-bd.com\webtech-bd.com\kobita\kabita_misc\sonar_bangladeshtitya.png --> www.shingon-bd.com /public_html/webtech-bd.com/kobita/kabita_misc sonar_bangladeshtitya.png
2015.02.26 16:46 B D:\shingon-bd.com\webtech-bd.com\kobita\kabita_misc\sur.gif --> www.shingon-bd.com /public_html/webtech-bd.com/kobita/kabita_misc sur.gif
2015.02.26 16:46 B D:\shingon-bd.com\webtech-bd.com\kobita\kabita_misc\sur.htm --> www.shingon-bd.com /public_html/webtech-bd.com/kobita/kabita_misc sur.htm
2015.02.26 16:46 B D:\shingon-bd.com\webtech-bd.com\kobita\kabita_misc\sur.png --> www.shingon-bd.com /public_html/webtech-bd.com/kobita/kabita_misc sur.png
2015.02.26 16:46 B D:\shingon-bd.com\webtech-bd.com\kobita\kabita_misc\taghi.gif --> www.shingon-bd.com /public_html/webtech-bd.com/kobita/kabita_misc taghi.gif
2015.02.26 16:46 B D:\shingon-bd.com\webtech-bd.com\kobita\kabita_misc\taghi.htm --> www.shingon-bd.com /public_html/webtech-bd.com/kobita/kabita_misc taghi.htm
2015.02.26 16:46 B D:\shingon-bd.com\webtech-bd.com\kobita\kabita_misc\taghi.png --> www.shingon-bd.com /public_html/webtech-bd.com/kobita/kabita_misc taghi.png
2015.02.26 16:46 B D:\shingon-bd.com\webtech-bd.com\kobita\kabita_misc\Thumbs.db --> www.shingon-bd.com /public_html/webtech-bd.com/kobita/kabita_misc Thumbs.db
2015.02.26 16:46 B D:\shingon-bd.com\webtech-bd.com\kobita\kabita_misc\tomadar_sukhar_jannya.gif --> www.shingon-bd.com /public_html/webtech-bd.com/kobita/kabita_misc tomadar_sukhar_jannya.gif
2015.02.26 16:46 B D:\shingon-bd.com\webtech-bd.com\kobita\kabita_misc\tomadar_sukhar_jannya.htm --> www.shingon-bd.com /public_html/webtech-bd.com/kobita/kabita_misc tomadar_sukhar_jannya.htm
2015.02.26 16:46 B D:\shingon-bd.com\webtech-bd.com\kobita\kabita_misc\tomadar_sukhar_jannya.png --> www.shingon-bd.com /public_html/webtech-bd.com/kobita/kabita_misc tomadar_sukhar_jannya.png
2015.02.26 16:46 B D:\shingon-bd.com\webtech-bd.com\kobita\kabita_misc\unnyan.gif --> www.shingon-bd.com /public_html/webtech-bd.com/kobita/kabita_misc unnyan.gif
2015.02.26 16:46 B D:\shingon-bd.com\webtech-bd.com\kobita\kabita_misc\unnyan.htm --> www.shingon-bd.com /public_html/webtech-bd.com/kobita/kabita_misc unnyan.htm
2015.02.26 16:46 B D:\shingon-bd.com\webtech-bd.com\kobita\kabita_misc\unnyan.png --> www.shingon-bd.com /public_html/webtech-bd.com/kobita/kabita_misc unnyan.png
2015.02.26 16:46 B D:\shingon-bd.com\webtech-bd.com\kobita\kabita_misc\unnyan1.gif --> www.shingon-bd.com /public_html/webtech-bd.com/kobita/kabita_misc unnyan1.gif
2015.02.26 16:46 B D:\shingon-bd.com\webtech-bd.com\kobita\kabita_misc\unnyan1.htm --> www.shingon-bd.com /public_html/webtech-bd.com/kobita/kabita_misc unnyan1.htm
2015.02.26 16:46 B D:\shingon-bd.com\webtech-bd.com\kobita\kabita_misc\unnyan1.png --> www.shingon-bd.com /public_html/webtech-bd.com/kobita/kabita_misc unnyan1.png
2015.02.26 16:46 B D:\shingon-bd.com\webtech-bd.com\kobita\kabita_misc\unnyan_adash.gif --> www.shingon-bd.com /public_html/webtech-bd.com/kobita/kabita_misc unnyan_adash.gif
2015.02.26 16:46 B D:\shingon-bd.com\webtech-bd.com\kobita\kabita_misc\unnyan_adash.htm --> www.shingon-bd.com /public_html/webtech-bd.com/kobita/kabita_misc unnyan_adash.htm
2015.02.26 16:46 B D:\shingon-bd.com\webtech-bd.com\kobita\kabita_misc\unnyan_adash.png --> www.shingon-bd.com /public_html/webtech-bd.com/kobita/kabita_misc unnyan_adash.png
