2015.02.26 16:45 B D:\shingon-bd.com\webtech-bd.com\kobita\Jutho-Birag\1-Rupaboti.doc --> www.shingon-bd.com /public_html/webtech-bd.com/kobita/Jutho-Birag 1-Rupaboti.doc
2015.02.26 16:45 B D:\shingon-bd.com\webtech-bd.com\kobita\Jutho-Birag\10-Birahini.doc --> www.shingon-bd.com /public_html/webtech-bd.com/kobita/Jutho-Birag 10-Birahini.doc
2015.02.26 16:45 B D:\shingon-bd.com\webtech-bd.com\kobita\Jutho-Birag\11-Shajoni.doc --> www.shingon-bd.com /public_html/webtech-bd.com/kobita/Jutho-Birag 11-Shajoni.doc
2015.02.26 16:45 B D:\shingon-bd.com\webtech-bd.com\kobita\Jutho-Birag\12-Ridhaya Niray.doc --> www.shingon-bd.com /public_html/webtech-bd.com/kobita/Jutho-Birag 12-Ridhaya Niray.doc
2015.02.26 16:45 B D:\shingon-bd.com\webtech-bd.com\kobita\Jutho-Birag\13-Shihoron.doc --> www.shingon-bd.com /public_html/webtech-bd.com/kobita/Jutho-Birag 13-Shihoron.doc
2015.02.26 16:45 B D:\shingon-bd.com\webtech-bd.com\kobita\Jutho-Birag\14-KalpoDevi.doc --> www.shingon-bd.com /public_html/webtech-bd.com/kobita/Jutho-Birag 14-KalpoDevi.doc
2015.02.26 16:45 B D:\shingon-bd.com\webtech-bd.com\kobita\Jutho-Birag\15-Ak_Oli_Ak_Ful.doc --> www.shingon-bd.com /public_html/webtech-bd.com/kobita/Jutho-Birag 15-Ak_Oli_Ak_Ful.doc
2015.02.26 16:45 B D:\shingon-bd.com\webtech-bd.com\kobita\Jutho-Birag\16-Mon_Utala_Aji.doc --> www.shingon-bd.com /public_html/webtech-bd.com/kobita/Jutho-Birag 16-Mon_Utala_Aji.doc
2015.02.26 16:45 B D:\shingon-bd.com\webtech-bd.com\kobita\Jutho-Birag\17-Jodi_Dudinayar_Taray.doc --> www.shingon-bd.com /public_html/webtech-bd.com/kobita/Jutho-Birag 17-Jodi_Dudinayar_Taray.doc
2015.02.26 16:45 B D:\shingon-bd.com\webtech-bd.com\kobita\Jutho-Birag\18-Hashaya_Kahay.doc --> www.shingon-bd.com /public_html/webtech-bd.com/kobita/Jutho-Birag 18-Hashaya_Kahay.doc
2015.02.26 16:45 B D:\shingon-bd.com\webtech-bd.com\kobita\Jutho-Birag\19-Anupoma.doc --> www.shingon-bd.com /public_html/webtech-bd.com/kobita/Jutho-Birag 19-Anupoma.doc
2015.02.26 16:45 B D:\shingon-bd.com\webtech-bd.com\kobita\Jutho-Birag\2-Ridhya-Majha.doc --> www.shingon-bd.com /public_html/webtech-bd.com/kobita/Jutho-Birag 2-Ridhya-Majha.doc
2015.02.26 16:45 B D:\shingon-bd.com\webtech-bd.com\kobita\Jutho-Birag\20-bhul_koray.doc --> www.shingon-bd.com /public_html/webtech-bd.com/kobita/Jutho-Birag 20-bhul_koray.doc
2015.02.26 16:45 B D:\shingon-bd.com\webtech-bd.com\kobita\Jutho-Birag\3-Basharir-sure.doc --> www.shingon-bd.com /public_html/webtech-bd.com/kobita/Jutho-Birag 3-Basharir-sure.doc
2015.02.26 16:45 B D:\shingon-bd.com\webtech-bd.com\kobita\Jutho-Birag\4-Chandra.doc --> www.shingon-bd.com /public_html/webtech-bd.com/kobita/Jutho-Birag 4-Chandra.doc
2015.02.26 16:45 B D:\shingon-bd.com\webtech-bd.com\kobita\Jutho-Birag\5-BadonarSura.doc --> www.shingon-bd.com /public_html/webtech-bd.com/kobita/Jutho-Birag 5-BadonarSura.doc
2015.02.26 16:45 B D:\shingon-bd.com\webtech-bd.com\kobita\Jutho-Birag\6-Nittya-Shada.doc --> www.shingon-bd.com /public_html/webtech-bd.com/kobita/Jutho-Birag 6-Nittya-Shada.doc
2015.02.26 16:45 B D:\shingon-bd.com\webtech-bd.com\kobita\Jutho-Birag\7-Roj-Namchaya.doc --> www.shingon-bd.com /public_html/webtech-bd.com/kobita/Jutho-Birag 7-Roj-Namchaya.doc
2015.02.26 16:45 B D:\shingon-bd.com\webtech-bd.com\kobita\Jutho-Birag\8-Pijus-Piya.doc --> www.shingon-bd.com /public_html/webtech-bd.com/kobita/Jutho-Birag 8-Pijus-Piya.doc
2015.02.26 16:45 B D:\shingon-bd.com\webtech-bd.com\kobita\Jutho-Birag\9-Anthopurya.doc --> www.shingon-bd.com /public_html/webtech-bd.com/kobita/Jutho-Birag 9-Anthopurya.doc
