2015.02.26 16:47 B D:\shingon-bd.com\webtech-bd.com\kobita\Others poem\A Zhara Nishi.doc --> www.shingon-bd.com /public_html/webtech-bd.com/kobita/Others poem A Zhara Nishi.doc
2015.02.26 16:47 B D:\shingon-bd.com\webtech-bd.com\kobita\Others poem\Addhar.doc --> www.shingon-bd.com /public_html/webtech-bd.com/kobita/Others poem Addhar.doc
2015.02.26 16:47 B D:\shingon-bd.com\webtech-bd.com\kobita\Others poem\Aji-Bihangar-Shore.doc --> www.shingon-bd.com /public_html/webtech-bd.com/kobita/Others poem Aji-Bihangar-Shore.doc
2015.02.26 16:47 B D:\shingon-bd.com\webtech-bd.com\kobita\Others poem\Atit-niya.doc --> www.shingon-bd.com /public_html/webtech-bd.com/kobita/Others poem Atit-niya.doc
2015.02.26 16:47 B D:\shingon-bd.com\webtech-bd.com\kobita\Others poem\AziDeen.doc --> www.shingon-bd.com /public_html/webtech-bd.com/kobita/Others poem AziDeen.doc
2015.02.26 16:47 B D:\shingon-bd.com\webtech-bd.com\kobita\Others poem\Banita.doc --> www.shingon-bd.com /public_html/webtech-bd.com/kobita/Others poem Banita.doc
2015.02.26 16:47 B D:\shingon-bd.com\webtech-bd.com\kobita\Others poem\Birahar Batha.doc --> www.shingon-bd.com /public_html/webtech-bd.com/kobita/Others poem Birahar Batha.doc
2015.02.26 16:47 B D:\shingon-bd.com\webtech-bd.com\kobita\Others poem\Bothur-Sharya.doc --> www.shingon-bd.com /public_html/webtech-bd.com/kobita/Others poem Bothur-Sharya.doc
2015.02.26 16:47 B D:\shingon-bd.com\webtech-bd.com\kobita\Others poem\Brishti Dhara.doc --> www.shingon-bd.com /public_html/webtech-bd.com/kobita/Others poem Brishti Dhara.doc
2015.02.26 16:47 B D:\shingon-bd.com\webtech-bd.com\kobita\Others poem\Hasnahena.doc --> www.shingon-bd.com /public_html/webtech-bd.com/kobita/Others poem Hasnahena.doc
2015.02.26 16:47 B D:\shingon-bd.com\webtech-bd.com\kobita\Others poem\HRidhay Mitali.doc --> www.shingon-bd.com /public_html/webtech-bd.com/kobita/Others poem HRidhay Mitali.doc
2015.02.26 16:47 B D:\shingon-bd.com\webtech-bd.com\kobita\Others poem\Jhara-Zami.doc --> www.shingon-bd.com /public_html/webtech-bd.com/kobita/Others poem Jhara-Zami.doc
2015.02.26 16:47 B D:\shingon-bd.com\webtech-bd.com\kobita\Others poem\Jibonar-Zato-Jhara.doc --> www.shingon-bd.com /public_html/webtech-bd.com/kobita/Others poem Jibonar-Zato-Jhara.doc
2015.02.26 16:47 B D:\shingon-bd.com\webtech-bd.com\kobita\Others poem\Kabita Kalpana Lata-1.doc --> www.shingon-bd.com /public_html/webtech-bd.com/kobita/Others poem Kabita Kalpana Lata-1.doc
2015.02.26 16:47 B D:\shingon-bd.com\webtech-bd.com\kobita\Others poem\Kabita Kalpana Lata.doc --> www.shingon-bd.com /public_html/webtech-bd.com/kobita/Others poem Kabita Kalpana Lata.doc
2015.02.26 16:47 B D:\shingon-bd.com\webtech-bd.com\kobita\Others poem\kabita khaar-jannya.doc --> www.shingon-bd.com /public_html/webtech-bd.com/kobita/Others poem kabita khaar-jannya.doc
2015.02.26 16:47 B D:\shingon-bd.com\webtech-bd.com\kobita\Others poem\Kya-Hya-Pryashi.doc --> www.shingon-bd.com /public_html/webtech-bd.com/kobita/Others poem Kya-Hya-Pryashi.doc
2015.02.26 16:47 B D:\shingon-bd.com\webtech-bd.com\kobita\Others poem\MoMo-A-Radhi-Mon.doc --> www.shingon-bd.com /public_html/webtech-bd.com/kobita/Others poem MoMo-A-Radhi-Mon.doc
2015.02.26 16:47 B D:\shingon-bd.com\webtech-bd.com\kobita\Others poem\Monar-Kanon-Majha.doc --> www.shingon-bd.com /public_html/webtech-bd.com/kobita/Others poem Monar-Kanon-Majha.doc
2015.02.26 16:47 B D:\shingon-bd.com\webtech-bd.com\kobita\Others poem\Nishi-yala.doc --> www.shingon-bd.com /public_html/webtech-bd.com/kobita/Others poem Nishi-yala.doc
2015.02.26 16:47 B D:\shingon-bd.com\webtech-bd.com\kobita\Others poem\O-go Priyaoshi.doc --> www.shingon-bd.com /public_html/webtech-bd.com/kobita/Others poem O-go Priyaoshi.doc
2015.02.26 16:47 B D:\shingon-bd.com\webtech-bd.com\kobita\Others poem\Prabortan.doc --> www.shingon-bd.com /public_html/webtech-bd.com/kobita/Others poem Prabortan.doc
2015.02.26 16:47 B D:\shingon-bd.com\webtech-bd.com\kobita\Others poem\Pram.doc --> www.shingon-bd.com /public_html/webtech-bd.com/kobita/Others poem Pram.doc
2015.02.26 16:47 B D:\shingon-bd.com\webtech-bd.com\kobita\Others poem\Pran-Pryashi.doc --> www.shingon-bd.com /public_html/webtech-bd.com/kobita/Others poem Pran-Pryashi.doc
2015.02.26 16:47 B D:\shingon-bd.com\webtech-bd.com\kobita\Others poem\Priyotoma.doc --> www.shingon-bd.com /public_html/webtech-bd.com/kobita/Others poem Priyotoma.doc
2015.02.26 16:47 B D:\shingon-bd.com\webtech-bd.com\kobita\Others poem\Samapon.doc --> www.shingon-bd.com /public_html/webtech-bd.com/kobita/Others poem Samapon.doc
2015.02.26 16:47 B D:\shingon-bd.com\webtech-bd.com\kobita\Others poem\Sundar Shabithri.doc --> www.shingon-bd.com /public_html/webtech-bd.com/kobita/Others poem Sundar Shabithri.doc
2015.02.26 16:47 B D:\shingon-bd.com\webtech-bd.com\kobita\Others poem\Yea-Mohammad(S).doc --> www.shingon-bd.com /public_html/webtech-bd.com/kobita/Others poem Yea-Mohammad(S).doc
