2015.02.26 16:46 B D:\shingon-bd.com\webtech-bd.com\kobita\new_poem\Akti-Kobita.doc --> www.shingon-bd.com /public_html/webtech-bd.com/kobita/new_poem Akti-Kobita.doc
2015.02.26 16:46 B D:\shingon-bd.com\webtech-bd.com\kobita\new_poem\Ami-task-dai-kano.doc --> www.shingon-bd.com /public_html/webtech-bd.com/kobita/new_poem Ami-task-dai-kano.doc
2015.02.26 16:46 B D:\shingon-bd.com\webtech-bd.com\kobita\new_poem\Ami_Shomazar.doc --> www.shingon-bd.com /public_html/webtech-bd.com/kobita/new_poem Ami_Shomazar.doc
2015.02.26 16:46 B D:\shingon-bd.com\webtech-bd.com\kobita\new_poem\Application for Leave.doc --> www.shingon-bd.com /public_html/webtech-bd.com/kobita/new_poem Application for Leave.doc
2015.02.26 16:46 B D:\shingon-bd.com\webtech-bd.com\kobita\new_poem\Bhul.doc --> www.shingon-bd.com /public_html/webtech-bd.com/kobita/new_poem Bhul.doc
2015.02.26 16:46 B D:\shingon-bd.com\webtech-bd.com\kobita\new_poem\Boyeshak.doc --> www.shingon-bd.com /public_html/webtech-bd.com/kobita/new_poem Boyeshak.doc
2015.02.26 16:46 B D:\shingon-bd.com\webtech-bd.com\kobita\new_poem\Druto_Unnyon.doc --> www.shingon-bd.com /public_html/webtech-bd.com/kobita/new_poem Druto_Unnyon.doc
2015.02.26 16:46 B D:\shingon-bd.com\webtech-bd.com\kobita\new_poem\Fagun_Ratya.doc --> www.shingon-bd.com /public_html/webtech-bd.com/kobita/new_poem Fagun_Ratya.doc
2015.02.26 16:46 B D:\shingon-bd.com\webtech-bd.com\kobita\new_poem\Falguni_Sadhinata.doc --> www.shingon-bd.com /public_html/webtech-bd.com/kobita/new_poem Falguni_Sadhinata.doc
2015.02.26 16:46 B D:\shingon-bd.com\webtech-bd.com\kobita\new_poem\kabita khaar-jannya.doc --> www.shingon-bd.com /public_html/webtech-bd.com/kobita/new_poem kabita khaar-jannya.doc
2015.02.26 16:46 B D:\shingon-bd.com\webtech-bd.com\kobita\new_poem\Kobita-Soamyar.doc --> www.shingon-bd.com /public_html/webtech-bd.com/kobita/new_poem Kobita-Soamyar.doc
2015.02.26 16:46 B D:\shingon-bd.com\webtech-bd.com\kobita\new_poem\Koto_Sur.doc --> www.shingon-bd.com /public_html/webtech-bd.com/kobita/new_poem Koto_Sur.doc
2015.02.26 16:46 B D:\shingon-bd.com\webtech-bd.com\kobita\new_poem\Kurbani.doc --> www.shingon-bd.com /public_html/webtech-bd.com/kobita/new_poem Kurbani.doc
2015.02.26 16:46 B D:\shingon-bd.com\webtech-bd.com\kobita\new_poem\Milon_mela.doc --> www.shingon-bd.com /public_html/webtech-bd.com/kobita/new_poem Milon_mela.doc
2015.02.26 16:46 B D:\shingon-bd.com\webtech-bd.com\kobita\new_poem\Nitanthyo.doc --> www.shingon-bd.com /public_html/webtech-bd.com/kobita/new_poem Nitanthyo.doc
2015.02.26 16:46 B D:\shingon-bd.com\webtech-bd.com\kobita\new_poem\O_Go_O_Priyo.doc --> www.shingon-bd.com /public_html/webtech-bd.com/kobita/new_poem O_Go_O_Priyo.doc
2015.02.26 16:46 B D:\shingon-bd.com\webtech-bd.com\kobita\new_poem\O_Priya.doc --> www.shingon-bd.com /public_html/webtech-bd.com/kobita/new_poem O_Priya.doc
2015.02.26 16:46 B D:\shingon-bd.com\webtech-bd.com\kobita\new_poem\Parajita_Shadhinata.doc --> www.shingon-bd.com /public_html/webtech-bd.com/kobita/new_poem Parajita_Shadhinata.doc
2015.02.26 16:46 B D:\shingon-bd.com\webtech-bd.com\kobita\new_poem\Prabortan.doc --> www.shingon-bd.com /public_html/webtech-bd.com/kobita/new_poem Prabortan.doc
2015.02.26 16:46 B D:\shingon-bd.com\webtech-bd.com\kobita\new_poem\Prabortan.htm --> www.shingon-bd.com /public_html/webtech-bd.com/kobita/new_poem Prabortan.htm
2015.02.26 16:46 B D:\shingon-bd.com\webtech-bd.com\kobita\new_poem\Rajniti.doc --> www.shingon-bd.com /public_html/webtech-bd.com/kobita/new_poem Rajniti.doc
2015.02.26 16:46 B D:\shingon-bd.com\webtech-bd.com\kobita\new_poem\Ridya-majhya.doc --> www.shingon-bd.com /public_html/webtech-bd.com/kobita/new_poem Ridya-majhya.doc
2015.02.26 16:46 B D:\shingon-bd.com\webtech-bd.com\kobita\new_poem\Robyar_Pahar.doc --> www.shingon-bd.com /public_html/webtech-bd.com/kobita/new_poem Robyar_Pahar.doc
2015.02.26 16:46 B D:\shingon-bd.com\webtech-bd.com\kobita\new_poem\Shadhin-Bangladesh.doc --> www.shingon-bd.com /public_html/webtech-bd.com/kobita/new_poem Shadhin-Bangladesh.doc
2015.02.26 16:46 B D:\shingon-bd.com\webtech-bd.com\kobita\new_poem\Shadhinata.doc --> www.shingon-bd.com /public_html/webtech-bd.com/kobita/new_poem Shadhinata.doc
2015.02.26 16:46 B D:\shingon-bd.com\webtech-bd.com\kobita\new_poem\Sharath-Rath.doc --> www.shingon-bd.com /public_html/webtech-bd.com/kobita/new_poem Sharath-Rath.doc
2015.02.26 16:46 B D:\shingon-bd.com\webtech-bd.com\kobita\new_poem\Shawnirvor_Andolon.doc --> www.shingon-bd.com /public_html/webtech-bd.com/kobita/new_poem Shawnirvor_Andolon.doc
2015.02.26 16:46 B D:\shingon-bd.com\webtech-bd.com\kobita\new_poem\Shishu_Kishore.doc --> www.shingon-bd.com /public_html/webtech-bd.com/kobita/new_poem Shishu_Kishore.doc
2015.02.26 16:46 B D:\shingon-bd.com\webtech-bd.com\kobita\new_poem\Shonolata.doc --> www.shingon-bd.com /public_html/webtech-bd.com/kobita/new_poem Shonolata.doc
2015.02.26 16:46 B D:\shingon-bd.com\webtech-bd.com\kobita\new_poem\Shrath-Akash.doc --> www.shingon-bd.com /public_html/webtech-bd.com/kobita/new_poem Shrath-Akash.doc
2015.02.26 16:46 B D:\shingon-bd.com\webtech-bd.com\kobita\new_poem\Taghi.doc --> www.shingon-bd.com /public_html/webtech-bd.com/kobita/new_poem Taghi.doc
2015.02.26 16:46 B D:\shingon-bd.com\webtech-bd.com\kobita\new_poem\Tomader-abc-santras.doc --> www.shingon-bd.com /public_html/webtech-bd.com/kobita/new_poem Tomader-abc-santras.doc
2015.02.26 16:46 B D:\shingon-bd.com\webtech-bd.com\kobita\new_poem\TS-Kabita-1.doc --> www.shingon-bd.com /public_html/webtech-bd.com/kobita/new_poem TS-Kabita-1.doc
2015.02.26 16:46 B D:\shingon-bd.com\webtech-bd.com\kobita\new_poem\Unnyan-Niti.doc --> www.shingon-bd.com /public_html/webtech-bd.com/kobita/new_poem Unnyan-Niti.doc
2015.02.26 16:46 B D:\shingon-bd.com\webtech-bd.com\kobita\new_poem\Unnyan.doc --> www.shingon-bd.com /public_html/webtech-bd.com/kobita/new_poem Unnyan.doc
2015.02.26 16:46 B D:\shingon-bd.com\webtech-bd.com\kobita\new_poem\Unnyan_Adash_Bangladesh.doc --> www.shingon-bd.com /public_html/webtech-bd.com/kobita/new_poem Unnyan_Adash_Bangladesh.doc
