2015.02.26 16:45 B D:\shingon-bd.com\webtech-bd.com\kobita\Hurir-Hutashon\0-Mukh_Banda.doc --> www.shingon-bd.com /public_html/webtech-bd.com/kobita/Hurir-Hutashon 0-Mukh_Banda.doc
2015.02.26 16:45 B D:\shingon-bd.com\webtech-bd.com\kobita\Hurir-Hutashon\1-1-Hurir_Hutashan.doc --> www.shingon-bd.com /public_html/webtech-bd.com/kobita/Hurir-Hutashon 1-1-Hurir_Hutashan.doc
2015.02.26 16:45 B D:\shingon-bd.com\webtech-bd.com\kobita\Hurir-Hutashon\1-Hurir_Hutashan.doc --> www.shingon-bd.com /public_html/webtech-bd.com/kobita/Hurir-Hutashon 1-Hurir_Hutashan.doc
2015.02.26 16:45 B D:\shingon-bd.com\webtech-bd.com\kobita\Hurir-Hutashon\10-Prayoshi.doc --> www.shingon-bd.com /public_html/webtech-bd.com/kobita/Hurir-Hutashon 10-Prayoshi.doc
2015.02.26 16:45 B D:\shingon-bd.com\webtech-bd.com\kobita\Hurir-Hutashon\11-Ami_Jaray_Chayachi.doc --> www.shingon-bd.com /public_html/webtech-bd.com/kobita/Hurir-Hutashon 11-Ami_Jaray_Chayachi.doc
2015.02.26 16:45 B D:\shingon-bd.com\webtech-bd.com\kobita\Hurir-Hutashon\12-Nishir_Ashoray.doc --> www.shingon-bd.com /public_html/webtech-bd.com/kobita/Hurir-Hutashon 12-Nishir_Ashoray.doc
2015.02.26 16:45 B D:\shingon-bd.com\webtech-bd.com\kobita\Hurir-Hutashon\13-Ful_Futay.doc --> www.shingon-bd.com /public_html/webtech-bd.com/kobita/Hurir-Hutashon 13-Ful_Futay.doc
2015.02.26 16:45 B D:\shingon-bd.com\webtech-bd.com\kobita\Hurir-Hutashon\14-1-Pushpo_Bona.doc --> www.shingon-bd.com /public_html/webtech-bd.com/kobita/Hurir-Hutashon 14-1-Pushpo_Bona.doc
2015.02.26 16:45 B D:\shingon-bd.com\webtech-bd.com\kobita\Hurir-Hutashon\14-Pushpo_Bona.doc --> www.shingon-bd.com /public_html/webtech-bd.com/kobita/Hurir-Hutashon 14-Pushpo_Bona.doc
2015.02.26 16:45 B D:\shingon-bd.com\webtech-bd.com\kobita\Hurir-Hutashon\15-Kamonay_Aiti_Bhulay.doc --> www.shingon-bd.com /public_html/webtech-bd.com/kobita/Hurir-Hutashon 15-Kamonay_Aiti_Bhulay.doc
2015.02.26 16:45 B D:\shingon-bd.com\webtech-bd.com\kobita\Hurir-Hutashon\16-Tumi_Sunitay_Chayachilay.doc --> www.shingon-bd.com /public_html/webtech-bd.com/kobita/Hurir-Hutashon 16-Tumi_Sunitay_Chayachilay.doc
2015.02.26 16:45 B D:\shingon-bd.com\webtech-bd.com\kobita\Hurir-Hutashon\17-Katotukun_Bhalobasha_Niya.doc --> www.shingon-bd.com /public_html/webtech-bd.com/kobita/Hurir-Hutashon 17-Katotukun_Bhalobasha_Niya.doc
2015.02.26 16:45 B D:\shingon-bd.com\webtech-bd.com\kobita\Hurir-Hutashon\18-Sokhi_Mon.doc --> www.shingon-bd.com /public_html/webtech-bd.com/kobita/Hurir-Hutashon 18-Sokhi_Mon.doc
2015.02.26 16:45 B D:\shingon-bd.com\webtech-bd.com\kobita\Hurir-Hutashon\19-Firiya_Dilay.doc --> www.shingon-bd.com /public_html/webtech-bd.com/kobita/Hurir-Hutashon 19-Firiya_Dilay.doc
2015.02.26 16:45 B D:\shingon-bd.com\webtech-bd.com\kobita\Hurir-Hutashon\2-O_Go_Rat.doc --> www.shingon-bd.com /public_html/webtech-bd.com/kobita/Hurir-Hutashon 2-O_Go_Rat.doc
2015.02.26 16:45 B D:\shingon-bd.com\webtech-bd.com\kobita\Hurir-Hutashon\20-Ful_Kuri.doc --> www.shingon-bd.com /public_html/webtech-bd.com/kobita/Hurir-Hutashon 20-Ful_Kuri.doc
2015.02.26 16:45 B D:\shingon-bd.com\webtech-bd.com\kobita\Hurir-Hutashon\21-Kanon_Bor.doc --> www.shingon-bd.com /public_html/webtech-bd.com/kobita/Hurir-Hutashon 21-Kanon_Bor.doc
2015.02.26 16:45 B D:\shingon-bd.com\webtech-bd.com\kobita\Hurir-Hutashon\22-Badhon_hara.doc --> www.shingon-bd.com /public_html/webtech-bd.com/kobita/Hurir-Hutashon 22-Badhon_hara.doc
2015.02.26 16:45 B D:\shingon-bd.com\webtech-bd.com\kobita\Hurir-Hutashon\23-Priya_Go.doc --> www.shingon-bd.com /public_html/webtech-bd.com/kobita/Hurir-Hutashon 23-Priya_Go.doc
2015.02.26 16:45 B D:\shingon-bd.com\webtech-bd.com\kobita\Hurir-Hutashon\24-Nishir_Nisha_Tala.doc --> www.shingon-bd.com /public_html/webtech-bd.com/kobita/Hurir-Hutashon 24-Nishir_Nisha_Tala.doc
2015.02.26 16:45 B D:\shingon-bd.com\webtech-bd.com\kobita\Hurir-Hutashon\25-Kano_Takay.doc --> www.shingon-bd.com /public_html/webtech-bd.com/kobita/Hurir-Hutashon 25-Kano_Takay.doc
2015.02.26 16:45 B D:\shingon-bd.com\webtech-bd.com\kobita\Hurir-Hutashon\26-Kano_Moray.doc --> www.shingon-bd.com /public_html/webtech-bd.com/kobita/Hurir-Hutashon 26-Kano_Moray.doc
2015.02.26 16:45 B D:\shingon-bd.com\webtech-bd.com\kobita\Hurir-Hutashon\27-A_Monar_A_Adahar.doc --> www.shingon-bd.com /public_html/webtech-bd.com/kobita/Hurir-Hutashon 27-A_Monar_A_Adahar.doc
2015.02.26 16:45 B D:\shingon-bd.com\webtech-bd.com\kobita\Hurir-Hutashon\28-Duranto_Shathi.doc --> www.shingon-bd.com /public_html/webtech-bd.com/kobita/Hurir-Hutashon 28-Duranto_Shathi.doc
2015.02.26 16:45 B D:\shingon-bd.com\webtech-bd.com\kobita\Hurir-Hutashon\29-Matha.doc --> www.shingon-bd.com /public_html/webtech-bd.com/kobita/Hurir-Hutashon 29-Matha.doc
2015.02.26 16:45 B D:\shingon-bd.com\webtech-bd.com\kobita\Hurir-Hutashon\3-Mon_Moury.doc --> www.shingon-bd.com /public_html/webtech-bd.com/kobita/Hurir-Hutashon 3-Mon_Moury.doc
2015.02.26 16:45 B D:\shingon-bd.com\webtech-bd.com\kobita\Hurir-Hutashon\4-Nishir_Zhara.doc --> www.shingon-bd.com /public_html/webtech-bd.com/kobita/Hurir-Hutashon 4-Nishir_Zhara.doc
2015.02.26 16:45 B D:\shingon-bd.com\webtech-bd.com\kobita\Hurir-Hutashon\5-Nishi_Fota_Ful.doc --> www.shingon-bd.com /public_html/webtech-bd.com/kobita/Hurir-Hutashon 5-Nishi_Fota_Ful.doc
2015.02.26 16:45 B D:\shingon-bd.com\webtech-bd.com\kobita\Hurir-Hutashon\6-Anantho_Gopon_Bodhu.doc --> www.shingon-bd.com /public_html/webtech-bd.com/kobita/Hurir-Hutashon 6-Anantho_Gopon_Bodhu.doc
2015.02.26 16:45 B D:\shingon-bd.com\webtech-bd.com\kobita\Hurir-Hutashon\7-Antor_Kolay.doc --> www.shingon-bd.com /public_html/webtech-bd.com/kobita/Hurir-Hutashon 7-Antor_Kolay.doc
2015.02.26 16:45 B D:\shingon-bd.com\webtech-bd.com\kobita\Hurir-Hutashon\8-Fashalyar_Proshuti.doc --> www.shingon-bd.com /public_html/webtech-bd.com/kobita/Hurir-Hutashon 8-Fashalyar_Proshuti.doc
2015.02.26 16:45 B D:\shingon-bd.com\webtech-bd.com\kobita\Hurir-Hutashon\9-Dekona_Amya.doc --> www.shingon-bd.com /public_html/webtech-bd.com/kobita/Hurir-Hutashon 9-Dekona_Amya.doc
