2015.02.26 16:45 B D:\shingon-bd.com\webtech-bd.com\kobita\Kabita-misc_new\Akti-Kobita.doc --> www.shingon-bd.com /public_html/webtech-bd.com/kobita/Kabita-misc_new Akti-Kobita.doc
2015.02.26 16:45 B D:\shingon-bd.com\webtech-bd.com\kobita\Kabita-misc_new\Bhul.doc --> www.shingon-bd.com /public_html/webtech-bd.com/kobita/Kabita-misc_new Bhul.doc
2015.02.26 16:45 B D:\shingon-bd.com\webtech-bd.com\kobita\Kabita-misc_new\Boyeshak.doc --> www.shingon-bd.com /public_html/webtech-bd.com/kobita/Kabita-misc_new Boyeshak.doc
2015.02.26 16:45 B D:\shingon-bd.com\webtech-bd.com\kobita\Kabita-misc_new\Druto_Unnyon.doc --> www.shingon-bd.com /public_html/webtech-bd.com/kobita/Kabita-misc_new Druto_Unnyon.doc
2015.02.26 16:45 B D:\shingon-bd.com\webtech-bd.com\kobita\Kabita-misc_new\Fagun_Ratya.doc --> www.shingon-bd.com /public_html/webtech-bd.com/kobita/Kabita-misc_new Fagun_Ratya.doc
2015.02.26 16:45 B D:\shingon-bd.com\webtech-bd.com\kobita\Kabita-misc_new\Falguni_Sadhinata.doc --> www.shingon-bd.com /public_html/webtech-bd.com/kobita/Kabita-misc_new Falguni_Sadhinata.doc
2015.02.26 16:45 B D:\shingon-bd.com\webtech-bd.com\kobita\Kabita-misc_new\kabita khaar-jannya.doc --> www.shingon-bd.com /public_html/webtech-bd.com/kobita/Kabita-misc_new kabita khaar-jannya.doc
2015.02.26 16:45 B D:\shingon-bd.com\webtech-bd.com\kobita\Kabita-misc_new\kabita_1stp.html --> www.shingon-bd.com /public_html/webtech-bd.com/kobita/Kabita-misc_new kabita_1stp.html
2015.02.26 16:45 B D:\shingon-bd.com\webtech-bd.com\kobita\Kabita-misc_new\Kobita-Soamyar.doc --> www.shingon-bd.com /public_html/webtech-bd.com/kobita/Kabita-misc_new Kobita-Soamyar.doc
2015.02.26 16:45 B D:\shingon-bd.com\webtech-bd.com\kobita\Kabita-misc_new\Koto_Sur.doc --> www.shingon-bd.com /public_html/webtech-bd.com/kobita/Kabita-misc_new Koto_Sur.doc
2015.02.26 16:45 B D:\shingon-bd.com\webtech-bd.com\kobita\Kabita-misc_new\Kurbani.doc --> www.shingon-bd.com /public_html/webtech-bd.com/kobita/Kabita-misc_new Kurbani.doc
2015.02.26 16:45 B D:\shingon-bd.com\webtech-bd.com\kobita\Kabita-misc_new\Milon_mela.doc --> www.shingon-bd.com /public_html/webtech-bd.com/kobita/Kabita-misc_new Milon_mela.doc
2015.02.26 16:45 B D:\shingon-bd.com\webtech-bd.com\kobita\Kabita-misc_new\Nitanthyo.doc --> www.shingon-bd.com /public_html/webtech-bd.com/kobita/Kabita-misc_new Nitanthyo.doc
2015.02.26 16:45 B D:\shingon-bd.com\webtech-bd.com\kobita\Kabita-misc_new\O_Go_O_Priyo.doc --> www.shingon-bd.com /public_html/webtech-bd.com/kobita/Kabita-misc_new O_Go_O_Priyo.doc
2015.02.26 16:45 B D:\shingon-bd.com\webtech-bd.com\kobita\Kabita-misc_new\O_Priya.doc --> www.shingon-bd.com /public_html/webtech-bd.com/kobita/Kabita-misc_new O_Priya.doc
2015.02.26 16:45 B D:\shingon-bd.com\webtech-bd.com\kobita\Kabita-misc_new\Prabortan.doc --> www.shingon-bd.com /public_html/webtech-bd.com/kobita/Kabita-misc_new Prabortan.doc
2015.02.26 16:45 B D:\shingon-bd.com\webtech-bd.com\kobita\Kabita-misc_new\Prabortan.html --> www.shingon-bd.com /public_html/webtech-bd.com/kobita/Kabita-misc_new Prabortan.html
2015.02.26 16:45 B D:\shingon-bd.com\webtech-bd.com\kobita\Kabita-misc_new\Prabortan1.doc --> www.shingon-bd.com /public_html/webtech-bd.com/kobita/Kabita-misc_new Prabortan1.doc
2015.02.26 16:45 B D:\shingon-bd.com\webtech-bd.com\kobita\Kabita-misc_new\probortan.html --> www.shingon-bd.com /public_html/webtech-bd.com/kobita/Kabita-misc_new probortan.html
2015.02.26 16:45 B D:\shingon-bd.com\webtech-bd.com\kobita\Kabita-misc_new\Robyar_Pahar.doc --> www.shingon-bd.com /public_html/webtech-bd.com/kobita/Kabita-misc_new Robyar_Pahar.doc
2015.02.26 16:45 B D:\shingon-bd.com\webtech-bd.com\kobita\Kabita-misc_new\Shadhin-Bangladesh.doc --> www.shingon-bd.com /public_html/webtech-bd.com/kobita/Kabita-misc_new Shadhin-Bangladesh.doc
2015.02.26 16:45 B D:\shingon-bd.com\webtech-bd.com\kobita\Kabita-misc_new\Shadhinata.doc --> www.shingon-bd.com /public_html/webtech-bd.com/kobita/Kabita-misc_new Shadhinata.doc
2015.02.26 16:45 B D:\shingon-bd.com\webtech-bd.com\kobita\Kabita-misc_new\Sharath-Rath.doc --> www.shingon-bd.com /public_html/webtech-bd.com/kobita/Kabita-misc_new Sharath-Rath.doc
2015.02.26 16:45 B D:\shingon-bd.com\webtech-bd.com\kobita\Kabita-misc_new\Shawnirvor_Andolon.doc --> www.shingon-bd.com /public_html/webtech-bd.com/kobita/Kabita-misc_new Shawnirvor_Andolon.doc
2015.02.26 16:45 B D:\shingon-bd.com\webtech-bd.com\kobita\Kabita-misc_new\Shishu_Kishore.doc --> www.shingon-bd.com /public_html/webtech-bd.com/kobita/Kabita-misc_new Shishu_Kishore.doc
2015.02.26 16:45 B D:\shingon-bd.com\webtech-bd.com\kobita\Kabita-misc_new\Shomazer_Gun.doc --> www.shingon-bd.com /public_html/webtech-bd.com/kobita/Kabita-misc_new Shomazer_Gun.doc
2015.02.26 16:45 B D:\shingon-bd.com\webtech-bd.com\kobita\Kabita-misc_new\Shonar-Bangladeshtitya.doc --> www.shingon-bd.com /public_html/webtech-bd.com/kobita/Kabita-misc_new Shonar-Bangladeshtitya.doc
2015.02.26 16:45 B D:\shingon-bd.com\webtech-bd.com\kobita\Kabita-misc_new\Shonolata.doc --> www.shingon-bd.com /public_html/webtech-bd.com/kobita/Kabita-misc_new Shonolata.doc
2015.02.26 16:45 B D:\shingon-bd.com\webtech-bd.com\kobita\Kabita-misc_new\Shrath-Akash.doc --> www.shingon-bd.com /public_html/webtech-bd.com/kobita/Kabita-misc_new Shrath-Akash.doc
2015.02.26 16:45 B D:\shingon-bd.com\webtech-bd.com\kobita\Kabita-misc_new\Taghi.doc --> www.shingon-bd.com /public_html/webtech-bd.com/kobita/Kabita-misc_new Taghi.doc
2015.02.26 16:45 B D:\shingon-bd.com\webtech-bd.com\kobita\Kabita-misc_new\TS-Kabita-1.doc --> www.shingon-bd.com /public_html/webtech-bd.com/kobita/Kabita-misc_new TS-Kabita-1.doc
2015.02.26 16:45 B D:\shingon-bd.com\webtech-bd.com\kobita\Kabita-misc_new\Unnyan-Niti.doc --> www.shingon-bd.com /public_html/webtech-bd.com/kobita/Kabita-misc_new Unnyan-Niti.doc
2015.02.26 16:45 B D:\shingon-bd.com\webtech-bd.com\kobita\Kabita-misc_new\Unnyan.doc --> www.shingon-bd.com /public_html/webtech-bd.com/kobita/Kabita-misc_new Unnyan.doc
2015.02.26 16:45 B D:\shingon-bd.com\webtech-bd.com\kobita\Kabita-misc_new\Unnyan_Adash_Bangladesh.doc --> www.shingon-bd.com /public_html/webtech-bd.com/kobita/Kabita-misc_new Unnyan_Adash_Bangladesh.doc
